Using pre-set license
Built from '2020.3/staging' branch; Version is '2020.3.21f1 (a38c86f6690f) revision 10718342'; Using compiler version '192528614'; Build Type 'Release'
OS: 'Windows 10 Home; OS build 19043.1348; Version 2009; 64bit' Language: 'en' Physical Memory: 8089 MB
BatchMode: 1, IsHumanControllingUs: 0, StartBugReporterOnCrash: 0, Is64bit: 1, IsPro: 0

COMMAND LINE ARGUMENTS:
C:\Program Files\Unity\Hub\Editor\2020.3.21f1\Editor\Unity.exe
-adb2
-batchMode
-noUpm
-name
AssetImportWorker2
-projectPath
C:/Software Engineering/unity_game/Geotyper/GeoTyper
-logFile
Logs/AssetImportWorker2.log
-srvPort
53747
Successfully changed project path to: C:/Software Engineering/unity_game/Geotyper/GeoTyper
C:/Software Engineering/unity_game/Geotyper/GeoTyper
Using Asset Import Pipeline V2.
Refreshing native plugins compatible for Editor in 168.47 ms, found 3 plugins.
Preloading 0 native plugins for Editor in 0.00 ms.
Initialize engine version: 2020.3.21f1 (a38c86f6690f)
[Subsystems] Discovering subsystems at path C:/Program Files/Unity/Hub/Editor/2020.3.21f1/Editor/Data/Resources/UnitySubsystems
[Subsystems] Discovering subsystems at path C:/Software Engineering/unity_game/Geotyper/GeoTyper/Assets
GfxDevice: creating device client; threaded=0
Direct3D:
    Version:  Direct3D 11.0 [level 11.1]
    Renderer: Intel(R) UHD Graphics 620 (ID=0x5917)
    Vendor:   
    VRAM:     4044 MB
    Driver:   27.20.100.8854
Initialize mono
Mono path[0] = 'C:/Program Files/Unity/Hub/Editor/2020.3.21f1/Editor/Data/Managed'
Mono path[1] = 'C:/Program Files/Unity/Hub/Editor/2020.3.21f1/Editor/Data/MonoBleedingEdge/lib/mono/unityjit'
Mono config path = 'C:/Program Files/Unity/Hub/Editor/2020.3.21f1/Editor/Data/MonoBleedingEdge/etc'
Using monoOptions --debugger-agent=transport=dt_socket,embedding=1,server=y,suspend=n,address=127.0.0.1:56888
Begin MonoManager ReloadAssembly
Registering precompiled unity dll's ...
Register platform support module: C:/Program Files/Unity/Hub/Editor/2020.3.21f1/Editor/Data/PlaybackEngines/WebGLSupport/UnityEditor.WebGL.Extensions.dll
Register platform support module: C:/Program Files/Unity/Hub/Editor/2020.3.21f1/Editor/Data/PlaybackEngines/WindowsStandaloneSupport/UnityEditor.WindowsStandalone.Extensions.dll
Registered in 0.010917 seconds.
Native extension for WindowsStandalone target not found
Native extension for WebGL target not found
Refreshing native plugins compatible for Editor in 312.60 ms, found 3 plugins.
Preloading 0 native plugins for Editor in 0.00 ms.
Mono: successfully reloaded assembly
- Completed reload, in  5.886 seconds
Domain Reload Profiling:
	ReloadAssembly (5887ms)
		BeginReloadAssembly (217ms)
			ExecutionOrderSort (0ms)
			DisableScriptedObjects (0ms)
			BackupInstance (0ms)
			ReleaseScriptingObjects (0ms)
			CreateAndSetChildDomain (2ms)
		EndReloadAssembly (2563ms)
			LoadAssemblies (214ms)
			RebuildTransferFunctionScriptingTraits (0ms)
			SetupTypeCache (815ms)
			ReleaseScriptCaches (0ms)
			RebuildScriptCaches (151ms)
			SetupLoadedEditorAssemblies (1135ms)
				LogAssemblyErrors (0ms)
				InitializePlatformSupportModulesInManaged (31ms)
				SetLoadedEditorAssemblies (2ms)
				RefreshPlugins (313ms)
				BeforeProcessingInitializeOnLoad (49ms)
				ProcessInitializeOnLoadAttributes (537ms)
				ProcessInitializeOnLoadMethodAttributes (201ms)
				AfterProcessingInitializeOnLoad (0ms)
				EditorAssembliesLoaded (1ms)
			ExecutionOrderSort2 (0ms)
			AwakeInstancesAfterBackupRestoration (0ms)
Platform modules already initialized, skipping
Registering precompiled user dll's ...
Registered in 0.040472 seconds.
Begin MonoManager ReloadAssembly
Native extension for WindowsStandalone target not found
Native extension for WebGL target not found
Refreshing native plugins compatible for Editor in 208.84 ms, found 3 plugins.
Preloading 0 native plugins for Editor in 0.00 ms.
Mono: successfully reloaded assembly
- Completed reload, in  5.156 seconds
Domain Reload Profiling:
	ReloadAssembly (5162ms)
		BeginReloadAssembly (695ms)
			ExecutionOrderSort (0ms)
			DisableScriptedObjects (22ms)
			BackupInstance (0ms)
			ReleaseScriptingObjects (0ms)
			CreateAndSetChildDomain (69ms)
		EndReloadAssembly (4177ms)
			LoadAssemblies (389ms)
			RebuildTransferFunctionScriptingTraits (0ms)
			SetupTypeCache (1302ms)
			ReleaseScriptCaches (2ms)
			RebuildScriptCaches (223ms)
			SetupLoadedEditorAssemblies (1647ms)
				LogAssemblyErrors (0ms)
				InitializePlatformSupportModulesInManaged (17ms)
				SetLoadedEditorAssemblies (1ms)
				RefreshPlugins (209ms)
				BeforeProcessingInitializeOnLoad (352ms)
				ProcessInitializeOnLoadAttributes (937ms)
				ProcessInitializeOnLoadMethodAttributes (94ms)
				AfterProcessingInitializeOnLoad (35ms)
				EditorAssembliesLoaded (1ms)
			ExecutionOrderSort2 (0ms)
			AwakeInstancesAfterBackupRestoration (37ms)
Platform modules already initialized, skipping
========================================================================
Worker process is ready to serve import requests
Launched and connected shader compiler UnityShaderCompiler.exe after 0.28 seconds
Refreshing native plugins compatible for Editor in 1.76 ms, found 3 plugins.
Preloading 0 native plugins for Editor in 0.00 ms.
Unloading 2250 Unused Serialized files (Serialized files now loaded: 0)
System memory in use before: 99.1 MB.
System memory in use after: 99.2 MB.

Unloading 28 unused Assets to reduce memory usage. Loaded Objects now: 2684.
Total: 12.013500 ms (FindLiveObjects: 0.693300 ms CreateObjectMapping: 0.287000 ms MarkObjects: 10.834900 ms  DeleteObjects: 0.195200 ms)

AssetImportParameters requested are different than current active one (requested -> active):
  custom:framework-win-MediaFoundation: 216162199b28c13a410421893ffa2e32 -> 
  custom:video-decoder-ogg-theora: a1e56fd34408186e4bbccfd4996cb3dc -> 
  custom:container-muxer-webm: aa71ff27fc2769a1b78a27578f13a17b -> 
  custom:container-demuxer-webm: 4f35f7cbe854078d1ac9338744f61a02 -> 
  custom:container-demuxer-ogg: 62fdf1f143b41e24485cea50d1cbac27 -> 
  custom:video-encoder-webm-vp8: eb34c28f22e8b96e1ab97ce403110664 -> 
  custom:video-codec-MediaFoundation-h265: 746d11721c4dcdbdad8f713fa42b33f4 -> 
  custom:video-decoder-webm-vp8: 9c59270c3fd7afecdb556c50c9e8de78 -> 
  custom:audio-decoder-ogg-vorbis: bf7c407c2cedff20999df2af8eb42d56 -> 
  custom:audio-encoder-webm-vorbis: bf7c407c2cedff20999df2af8eb42d56 -> 
========================================================================
Received Import Request.
  path: Assets/Scenes/State_Game_Scene.unity
  artifactKey: Guid(5b470a78b7e518f4f906ea8337ec2cbe) Importer(815301076,1909f56bfc062723c751e8b465ee728b)
Start importing Assets/Scenes/State_Game_Scene.unity using Guid(5b470a78b7e518f4f906ea8337ec2cbe) Importer(815301076,1909f56bfc062723c751e8b465ee728b)  -> (artifact id: '24d6d78bd0a658d22a21328d13034cda') in 0.091257 seconds 
  Import took 0.108397 seconds .

========================================================================
Received Prepare
Refreshing native plugins compatible for Editor in 34.74 ms, found 3 plugins.
Preloading 0 native plugins for Editor in 0.00 ms.
Unloading 15 Unused Serialized files (Serialized files now loaded: 0)
System memory in use before: 53.3 MB.
System memory in use after: 53.4 MB.

Unloading 15 unused Assets to reduce memory usage. Loaded Objects now: 2684.
Total: 16.447200 ms (FindLiveObjects: 0.698000 ms CreateObjectMapping: 0.362000 ms MarkObjects: 15.287600 ms  DeleteObjects: 0.095600 ms)

AssetImportParameters requested are different than current active one (requested -> active):
  custom:framework-win-MediaFoundation: 216162199b28c13a410421893ffa2e32 -> 
  custom:video-decoder-ogg-theora: a1e56fd34408186e4bbccfd4996cb3dc -> 
  custom:container-muxer-webm: aa71ff27fc2769a1b78a27578f13a17b -> 
  custom:container-demuxer-webm: 4f35f7cbe854078d1ac9338744f61a02 -> 
  custom:container-demuxer-ogg: 62fdf1f143b41e24485cea50d1cbac27 -> 
  custom:video-encoder-webm-vp8: eb34c28f22e8b96e1ab97ce403110664 -> 
  custom:video-codec-MediaFoundation-h265: 746d11721c4dcdbdad8f713fa42b33f4 -> 
  custom:video-decoder-webm-vp8: 9c59270c3fd7afecdb556c50c9e8de78 -> 
  custom:audio-decoder-ogg-vorbis: bf7c407c2cedff20999df2af8eb42d56 -> 
  custom:audio-encoder-webm-vorbis: bf7c407c2cedff20999df2af8eb42d56 -> 
========================================================================
Received Prepare
Registering precompiled user dll's ...
Registered in 0.032765 seconds.
Begin MonoManager ReloadAssembly
Native extension for WindowsStandalone target not found
Native extension for WebGL target not found
Refreshing native plugins compatible for Editor in 1.70 ms, found 3 plugins.
Preloading 0 native plugins for Editor in 0.00 ms.
Mono: successfully reloaded assembly
- Completed reload, in  3.902 seconds
Domain Reload Profiling:
	ReloadAssembly (3905ms)
		BeginReloadAssembly (576ms)
			ExecutionOrderSort (0ms)
			DisableScriptedObjects (49ms)
			BackupInstance (0ms)
			ReleaseScriptingObjects (0ms)
			CreateAndSetChildDomain (179ms)
		EndReloadAssembly (3140ms)
			LoadAssemblies (392ms)
			RebuildTransferFunctionScriptingTraits (0ms)
			SetupTypeCache (1357ms)
			ReleaseScriptCaches (4ms)
			RebuildScriptCaches (144ms)
			SetupLoadedEditorAssemblies (1023ms)
				LogAssemblyErrors (0ms)
				InitializePlatformSupportModulesInManaged (23ms)
				SetLoadedEditorAssemblies (2ms)
				RefreshPlugins (2ms)
				BeforeProcessingInitializeOnLoad (225ms)
				ProcessInitializeOnLoadAttributes (712ms)
				ProcessInitializeOnLoadMethodAttributes (34ms)
				AfterProcessingInitializeOnLoad (25ms)
				EditorAssembliesLoaded (0ms)
			ExecutionOrderSort2 (0ms)
			AwakeInstancesAfterBackupRestoration (27ms)
Platform modules already initialized, skipping
Refreshing native plugins compatible for Editor in 1.75 ms, found 3 plugins.
Preloading 0 native plugins for Editor in 0.00 ms.
Unloading 2226 Unused Serialized files (Serialized files now loaded: 0)
System memory in use before: 97.2 MB.
System memory in use after: 97.3 MB.

Unloading 17 unused Assets to reduce memory usage. Loaded Objects now: 2686.
Total: 14.694500 ms (FindLiveObjects: 0.742000 ms CreateObjectMapping: 0.393900 ms MarkObjects: 13.469300 ms  DeleteObjects: 0.060700 ms)

AssetImportParameters requested are different than current active one (requested -> active):
  custom:framework-win-MediaFoundation: 216162199b28c13a410421893ffa2e32 -> 
  custom:video-decoder-ogg-theora: a1e56fd34408186e4bbccfd4996cb3dc -> 
  custom:container-muxer-webm: aa71ff27fc2769a1b78a27578f13a17b -> 
  custom:container-demuxer-webm: 4f35f7cbe854078d1ac9338744f61a02 -> 
  custom:container-demuxer-ogg: 62fdf1f143b41e24485cea50d1cbac27 -> 
  custom:video-encoder-webm-vp8: eb34c28f22e8b96e1ab97ce403110664 -> 
  custom:video-codec-MediaFoundation-h265: 746d11721c4dcdbdad8f713fa42b33f4 -> 
  custom:video-decoder-webm-vp8: 9c59270c3fd7afecdb556c50c9e8de78 -> 
  custom:audio-decoder-ogg-vorbis: bf7c407c2cedff20999df2af8eb42d56 -> 
  custom:audio-encoder-webm-vorbis: bf7c407c2cedff20999df2af8eb42d56 -> 
========================================================================
Received Prepare
Registering precompiled user dll's ...
Registered in 0.034295 seconds.
Begin MonoManager ReloadAssembly
Native extension for WindowsStandalone target not found
Native extension for WebGL target not found
Refreshing native plugins compatible for Editor in 1.52 ms, found 3 plugins.
Preloading 0 native plugins for Editor in 0.00 ms.
Mono: successfully reloaded assembly
- Completed reload, in  4.634 seconds
Domain Reload Profiling:
	ReloadAssembly (4636ms)
		BeginReloadAssembly (421ms)
			ExecutionOrderSort (0ms)
			DisableScriptedObjects (23ms)
			BackupInstance (0ms)
			ReleaseScriptingObjects (0ms)
			CreateAndSetChildDomain (123ms)
		EndReloadAssembly (3944ms)
			LoadAssemblies (402ms)
			RebuildTransferFunctionScriptingTraits (0ms)
			SetupTypeCache (1513ms)
			ReleaseScriptCaches (4ms)
			RebuildScriptCaches (264ms)
			SetupLoadedEditorAssemblies (1302ms)
				LogAssemblyErrors (0ms)
				InitializePlatformSupportModulesInManaged (27ms)
				SetLoadedEditorAssemblies (2ms)
				RefreshPlugins (2ms)
				BeforeProcessingInitializeOnLoad (258ms)
				ProcessInitializeOnLoadAttributes (943ms)
				ProcessInitializeOnLoadMethodAttributes (43ms)
				AfterProcessingInitializeOnLoad (27ms)
				EditorAssembliesLoaded (0ms)
			ExecutionOrderSort2 (0ms)
			AwakeInstancesAfterBackupRestoration (36ms)
Platform modules already initialized, skipping
Refreshing native plugins compatible for Editor in 2.16 ms, found 3 plugins.
Preloading 0 native plugins for Editor in 0.00 ms.
Unloading 2226 Unused Serialized files (Serialized files now loaded: 0)
System memory in use before: 97.3 MB.
System memory in use after: 97.4 MB.

Unloading 17 unused Assets to reduce memory usage. Loaded Objects now: 2688.
Total: 13.172200 ms (FindLiveObjects: 0.862100 ms CreateObjectMapping: 0.389000 ms MarkObjects: 11.852800 ms  DeleteObjects: 0.065100 ms)

AssetImportParameters requested are different than current active one (requested -> active):
  custom:framework-win-MediaFoundation: 216162199b28c13a410421893ffa2e32 -> 
  custom:video-decoder-ogg-theora: a1e56fd34408186e4bbccfd4996cb3dc -> 
  custom:container-muxer-webm: aa71ff27fc2769a1b78a27578f13a17b -> 
  custom:container-demuxer-webm: 4f35f7cbe854078d1ac9338744f61a02 -> 
  custom:container-demuxer-ogg: 62fdf1f143b41e24485cea50d1cbac27 -> 
  custom:video-encoder-webm-vp8: eb34c28f22e8b96e1ab97ce403110664 -> 
  custom:video-codec-MediaFoundation-h265: 746d11721c4dcdbdad8f713fa42b33f4 -> 
  custom:video-decoder-webm-vp8: 9c59270c3fd7afecdb556c50c9e8de78 -> 
  custom:audio-decoder-ogg-vorbis: bf7c407c2cedff20999df2af8eb42d56 -> 
  custom:audio-encoder-webm-vorbis: bf7c407c2cedff20999df2af8eb42d56 -> 
========================================================================
Received Prepare
Registering precompiled user dll's ...
Registered in 0.018713 seconds.
Begin MonoManager ReloadAssembly
Native extension for WindowsStandalone target not found
Native extension for WebGL target not found
Refreshing native plugins compatible for Editor in 0.82 ms, found 3 plugins.
Preloading 0 native plugins for Editor in 0.00 ms.
Mono: successfully reloaded assembly
- Completed reload, in  2.813 seconds
Domain Reload Profiling:
	ReloadAssembly (2814ms)
		BeginReloadAssembly (225ms)
			ExecutionOrderSort (0ms)
			DisableScriptedObjects (11ms)
			BackupInstance (0ms)
			ReleaseScriptingObjects (0ms)
			CreateAndSetChildDomain (59ms)
		EndReloadAssembly (2430ms)
			LoadAssemblies (275ms)
			RebuildTransferFunctionScriptingTraits (0ms)
			SetupTypeCache (754ms)
			ReleaseScriptCaches (1ms)
			RebuildScriptCaches (75ms)
			SetupLoadedEditorAssemblies (1009ms)
				LogAssemblyErrors (0ms)
				InitializePlatformSupportModulesInManaged (16ms)
				SetLoadedEditorAssemblies (1ms)
				RefreshPlugins (1ms)
				BeforeProcessingInitializeOnLoad (212ms)
				ProcessInitializeOnLoadAttributes (662ms)
				ProcessInitializeOnLoadMethodAttributes (60ms)
				AfterProcessingInitializeOnLoad (57ms)
				EditorAssembliesLoaded (1ms)
			ExecutionOrderSort2 (0ms)
			AwakeInstancesAfterBackupRestoration (68ms)
Platform modules already initialized, skipping
Refreshing native plugins compatible for Editor in 1.04 ms, found 3 plugins.
Preloading 0 native plugins for Editor in 0.00 ms.
Unloading 2226 Unused Serialized files (Serialized files now loaded: 0)
System memory in use before: 97.3 MB.
System memory in use after: 97.4 MB.

Unloading 17 unused Assets to reduce memory usage. Loaded Objects now: 2690.
Total: 6.284500 ms (FindLiveObjects: 0.340800 ms CreateObjectMapping: 0.137300 ms MarkObjects: 5.764200 ms  DeleteObjects: 0.040300 ms)

AssetImportParameters requested are different than current active one (requested -> active):
  custom:framework-win-MediaFoundation: 216162199b28c13a410421893ffa2e32 -> 
  custom:video-decoder-ogg-theora: a1e56fd34408186e4bbccfd4996cb3dc -> 
  custom:container-muxer-webm: aa71ff27fc2769a1b78a27578f13a17b -> 
  custom:container-demuxer-webm: 4f35f7cbe854078d1ac9338744f61a02 -> 
  custom:container-demuxer-ogg: 62fdf1f143b41e24485cea50d1cbac27 -> 
  custom:video-encoder-webm-vp8: eb34c28f22e8b96e1ab97ce403110664 -> 
  custom:video-codec-MediaFoundation-h265: 746d11721c4dcdbdad8f713fa42b33f4 -> 
  custom:video-decoder-webm-vp8: 9c59270c3fd7afecdb556c50c9e8de78 -> 
  custom:audio-decoder-ogg-vorbis: bf7c407c2cedff20999df2af8eb42d56 -> 
  custom:audio-encoder-webm-vorbis: bf7c407c2cedff20999df2af8eb42d56 -> 
========================================================================
Received Prepare
Registering precompiled user dll's ...
Registered in 0.014332 seconds.
Begin MonoManager ReloadAssembly
Native extension for WindowsStandalone target not found
Native extension for WebGL target not found
Refreshing native plugins compatible for Editor in 2.35 ms, found 3 plugins.
Preloading 0 native plugins for Editor in 0.00 ms.
Mono: successfully reloaded assembly
- Completed reload, in  4.377 seconds
Domain Reload Profiling:
	ReloadAssembly (4378ms)
		BeginReloadAssembly (316ms)
			ExecutionOrderSort (0ms)
			DisableScriptedObjects (13ms)
			BackupInstance (0ms)
			ReleaseScriptingObjects (0ms)
			CreateAndSetChildDomain (105ms)
		EndReloadAssembly (3701ms)
			LoadAssemblies (290ms)
			RebuildTransferFunctionScriptingTraits (0ms)
			SetupTypeCache (1861ms)
			ReleaseScriptCaches (2ms)
			RebuildScriptCaches (132ms)
			SetupLoadedEditorAssemblies (988ms)
				LogAssemblyErrors (0ms)
				InitializePlatformSupportModulesInManaged (33ms)
				SetLoadedEditorAssemblies (2ms)
				RefreshPlugins (3ms)
				BeforeProcessingInitializeOnLoad (250ms)
				ProcessInitializeOnLoadAttributes (650ms)
				ProcessInitializeOnLoadMethodAttributes (30ms)
				AfterProcessingInitializeOnLoad (20ms)
				EditorAssembliesLoaded (0ms)
			ExecutionOrderSort2 (0ms)
			AwakeInstancesAfterBackupRestoration (26ms)
Platform modules already initialized, skipping
Refreshing native plugins compatible for Editor in 1.76 ms, found 3 plugins.
Preloading 0 native plugins for Editor in 0.00 ms.
Unloading 2226 Unused Serialized files (Serialized files now loaded: 0)
System memory in use before: 97.3 MB.
System memory in use after: 97.4 MB.

Unloading 17 unused Assets to reduce memory usage. Loaded Objects now: 2692.
Total: 19.202900 ms (FindLiveObjects: 0.896800 ms CreateObjectMapping: 0.524800 ms MarkObjects: 17.664900 ms  DeleteObjects: 0.111100 ms)

AssetImportParameters requested are different than current active one (requested -> active):
  custom:framework-win-MediaFoundation: 216162199b28c13a410421893ffa2e32 -> 
  custom:video-decoder-ogg-theora: a1e56fd34408186e4bbccfd4996cb3dc -> 
  custom:container-muxer-webm: aa71ff27fc2769a1b78a27578f13a17b -> 
  custom:container-demuxer-webm: 4f35f7cbe854078d1ac9338744f61a02 -> 
  custom:container-demuxer-ogg: 62fdf1f143b41e24485cea50d1cbac27 -> 
  custom:video-encoder-webm-vp8: eb34c28f22e8b96e1ab97ce403110664 -> 
  custom:video-codec-MediaFoundation-h265: 746d11721c4dcdbdad8f713fa42b33f4 -> 
  custom:video-decoder-webm-vp8: 9c59270c3fd7afecdb556c50c9e8de78 -> 
  custom:audio-decoder-ogg-vorbis: bf7c407c2cedff20999df2af8eb42d56 -> 
  custom:audio-encoder-webm-vorbis: bf7c407c2cedff20999df2af8eb42d56 -> 
========================================================================
Received Import Request.
  Time since last request: 433.727791 seconds.
  path: Assets/Scenes/vocab_scene.unity
  artifactKey: Guid(59f87a734073e304f8240edaedecbfd2) Importer(815301076,1909f56bfc062723c751e8b465ee728b)
Start importing Assets/Scenes/vocab_scene.unity using Guid(59f87a734073e304f8240edaedecbfd2) Importer(815301076,1909f56bfc062723c751e8b465ee728b)  -> (artifact id: '6ab9a2d8560a899d92fe57a1cd5fcec2') in 0.047278 seconds 
  Import took 0.058082 seconds .

========================================================================
Received Import Request.
  Time since last request: 2.251526 seconds.
  path: Assets/Scenes/Typing Game.unity
  artifactKey: Guid(baee4a2d44fdb71478dc46ac2bce1ca9) Importer(815301076,1909f56bfc062723c751e8b465ee728b)
Start importing Assets/Scenes/Typing Game.unity using Guid(baee4a2d44fdb71478dc46ac2bce1ca9) Importer(815301076,1909f56bfc062723c751e8b465ee728b)  -> (artifact id: '9a17cc649881f611764167b613b6158d') in 0.025675 seconds 
  Import took 0.036993 seconds .

========================================================================
Received Import Request.
  Time since last request: 1.995069 seconds.
  path: Assets/Scenes/State_Game_Scene.unity
  artifactKey: Guid(5b470a78b7e518f4f906ea8337ec2cbe) Importer(815301076,1909f56bfc062723c751e8b465ee728b)
Start importing Assets/Scenes/State_Game_Scene.unity using Guid(5b470a78b7e518f4f906ea8337ec2cbe) Importer(815301076,1909f56bfc062723c751e8b465ee728b)  -> (artifact id: 'ea1c3ef0383b10dc5782613905800474') in 0.016653 seconds 
  Import took 0.027051 seconds .

========================================================================
Received Prepare
Registering precompiled user dll's ...
Registered in 0.013321 seconds.
Begin MonoManager ReloadAssembly
Native extension for WindowsStandalone target not found
Native extension for WebGL target not found
Refreshing native plugins compatible for Editor in 1.04 ms, found 3 plugins.
Preloading 0 native plugins for Editor in 0.00 ms.
Mono: successfully reloaded assembly
- Completed reload, in  3.723 seconds
Domain Reload Profiling:
	ReloadAssembly (3724ms)
		BeginReloadAssembly (351ms)
			ExecutionOrderSort (0ms)
			DisableScriptedObjects (23ms)
			BackupInstance (0ms)
			ReleaseScriptingObjects (0ms)
			CreateAndSetChildDomain (108ms)
		EndReloadAssembly (3197ms)
			LoadAssemblies (293ms)
			RebuildTransferFunctionScriptingTraits (0ms)
			SetupTypeCache (1001ms)
			ReleaseScriptCaches (6ms)
			RebuildScriptCaches (254ms)
			SetupLoadedEditorAssemblies (1181ms)
				LogAssemblyErrors (0ms)
				InitializePlatformSupportModulesInManaged (18ms)
				SetLoadedEditorAssemblies (1ms)
				RefreshPlugins (1ms)
				BeforeProcessingInitializeOnLoad (178ms)
				ProcessInitializeOnLoadAttributes (888ms)
				ProcessInitializeOnLoadMethodAttributes (57ms)
				AfterProcessingInitializeOnLoad (38ms)
				EditorAssembliesLoaded (1ms)
			ExecutionOrderSort2 (0ms)
			AwakeInstancesAfterBackupRestoration (25ms)
Platform modules already initialized, skipping
Refreshing native plugins compatible for Editor in 1.04 ms, found 3 plugins.
Preloading 0 native plugins for Editor in 0.00 ms.
Unloading 2226 Unused Serialized files (Serialized files now loaded: 0)
System memory in use before: 97.2 MB.
System memory in use after: 97.4 MB.

Unloading 17 unused Assets to reduce memory usage. Loaded Objects now: 2694.
Total: 11.221100 ms (FindLiveObjects: 0.330400 ms CreateObjectMapping: 0.139100 ms MarkObjects: 10.670500 ms  DeleteObjects: 0.078500 ms)

AssetImportParameters requested are different than current active one (requested -> active):
  custom:framework-win-MediaFoundation: 216162199b28c13a410421893ffa2e32 -> 
  custom:video-decoder-ogg-theora: a1e56fd34408186e4bbccfd4996cb3dc -> 
  custom:container-muxer-webm: aa71ff27fc2769a1b78a27578f13a17b -> 
  custom:container-demuxer-webm: 4f35f7cbe854078d1ac9338744f61a02 -> 
  custom:container-demuxer-ogg: 62fdf1f143b41e24485cea50d1cbac27 -> 
  custom:video-encoder-webm-vp8: eb34c28f22e8b96e1ab97ce403110664 -> 
  custom:video-codec-MediaFoundation-h265: 746d11721c4dcdbdad8f713fa42b33f4 -> 
  custom:video-decoder-webm-vp8: 9c59270c3fd7afecdb556c50c9e8de78 -> 
  custom:audio-decoder-ogg-vorbis: bf7c407c2cedff20999df2af8eb42d56 -> 
  custom:audio-encoder-webm-vorbis: bf7c407c2cedff20999df2af8eb42d56 -> 
========================================================================
Received Import Request.
  Time since last request: 402.194533 seconds.
  path: Assets/Scripts/correct_counter.cs
  artifactKey: Guid(91defe24687ff7f42abeb10f3c60a7e9) Importer(815301076,1909f56bfc062723c751e8b465ee728b)
Start importing Assets/Scripts/correct_counter.cs using Guid(91defe24687ff7f42abeb10f3c60a7e9) Importer(815301076,1909f56bfc062723c751e8b465ee728b)  -> (artifact id: 'e330beebb8ed8b00d6869bf9ddb389cb') in 0.086452 seconds 
  Import took 0.095370 seconds .

========================================================================
Received Import Request.
  Time since last request: 14.629817 seconds.
  path: Assets/Scripts/input_states.cs
  artifactKey: Guid(3e2218af2c4e94f418c3ab326e7c0f47) Importer(815301076,1909f56bfc062723c751e8b465ee728b)
Start importing Assets/Scripts/input_states.cs using Guid(3e2218af2c4e94f418c3ab326e7c0f47) Importer(815301076,1909f56bfc062723c751e8b465ee728b)  -> (artifact id: '008aacaf5a6db25bc6bc7558fbf5a0f4') in 0.020264 seconds 
  Import took 0.036428 seconds .

========================================================================
Received Import Request.
  Time since last request: 14.831149 seconds.
  path: Assets/Scripts/on_screen_text.cs
  artifactKey: Guid(4f776ac7a0b511d42b491ad5a568958c) Importer(815301076,1909f56bfc062723c751e8b465ee728b)
Start importing Assets/Scripts/on_screen_text.cs using Guid(4f776ac7a0b511d42b491ad5a568958c) Importer(815301076,1909f56bfc062723c751e8b465ee728b)  -> (artifact id: '42e4db5d0936aae8c2b4872416991596') in 0.030375 seconds 
  Import took 0.050316 seconds .

========================================================================
Received Import Request.
  Time since last request: 10.319808 seconds.
  path: Assets/Scripts/previous_state.cs
  artifactKey: Guid(5628038928655c84cb77a840d652cb12) Importer(815301076,1909f56bfc062723c751e8b465ee728b)
Start importing Assets/Scripts/previous_state.cs using Guid(5628038928655c84cb77a840d652cb12) Importer(815301076,1909f56bfc062723c751e8b465ee728b)  -> (artifact id: 'ffd4b6db3678697f8b6be2c214e8f622') in 0.049847 seconds 
  Import took 0.069699 seconds .

========================================================================
Received Import Request.
  Time since last request: 6.561692 seconds.
  path: Assets/Scripts/state_change.cs
  artifactKey: Guid(b26c39578d51bc7469772a635480db20) Importer(815301076,1909f56bfc062723c751e8b465ee728b)
Start importing Assets/Scripts/state_change.cs using Guid(b26c39578d51bc7469772a635480db20) Importer(815301076,1909f56bfc062723c751e8b465ee728b)  -> (artifact id: '554af481e0b4d68e2ad94820a4a13ba5') in 0.044240 seconds 
  Import took 0.066905 seconds .

========================================================================
Received Import Request.
  Time since last request: 3.753120 seconds.
  path: Assets/Scripts/state_counter.cs
  artifactKey: Guid(b9abbf124ba83a943becc82a135b9e61) Importer(815301076,1909f56bfc062723c751e8b465ee728b)
Start importing Assets/Scripts/state_counter.cs using Guid(b9abbf124ba83a943becc82a135b9e61) Importer(815301076,1909f56bfc062723c751e8b465ee728b)  -> (artifact id: 'c8e4b4c0f37c0800e8e0fdde649bad26') in 0.026070 seconds 
  Import took 0.049112 seconds .

========================================================================
Received Import Request.
  Time since last request: 1.359525 seconds.
  path: Assets/Scripts/Timer.cs
  artifactKey: Guid(067e9c1d692c9e94fbccfbf2653627f5) Importer(815301076,1909f56bfc062723c751e8b465ee728b)
Start importing Assets/Scripts/Timer.cs using Guid(067e9c1d692c9e94fbccfbf2653627f5) Importer(815301076,1909f56bfc062723c751e8b465ee728b)  -> (artifact id: 'f91184cb924416da946bbf662027b195') in 0.035726 seconds 
  Import took 0.048032 seconds .

========================================================================
Received Import Request.
  Time since last request: 63.055926 seconds.
  path: Assets/Scripts/clock_script.cs
  artifactKey: Guid(a4203c51325195a4fb532ed762226d64) Importer(815301076,1909f56bfc062723c751e8b465ee728b)
Start importing Assets/Scripts/clock_script.cs using Guid(a4203c51325195a4fb532ed762226d64) Importer(815301076,1909f56bfc062723c751e8b465ee728b)  -> (artifact id: '0dd98605f50d9abec799768ad4910a16') in 0.023719 seconds 
  Import took 0.033623 seconds .

========================================================================
Received Import Request.
  Time since last request: 77.015939 seconds.
  path: Assets/Scenes/SampleScene.unity
  artifactKey: Guid(2cda990e2423bbf4892e6590ba056729) Importer(815301076,1909f56bfc062723c751e8b465ee728b)
Start importing Assets/Scenes/SampleScene.unity using Guid(2cda990e2423bbf4892e6590ba056729) Importer(815301076,1909f56bfc062723c751e8b465ee728b)  -> (artifact id: 'f3ea4a1cdcfc6990e47eb7331b285951') in 0.076383 seconds 
  Import took 0.095918 seconds .

========================================================================
Received Prepare
Registering precompiled user dll's ...
Registered in 0.010439 seconds.
Begin MonoManager ReloadAssembly
Native extension for WindowsStandalone target not found
Native extension for WebGL target not found
Refreshing native plugins compatible for Editor in 1.72 ms, found 3 plugins.
Preloading 0 native plugins for Editor in 0.00 ms.
Mono: successfully reloaded assembly
- Completed reload, in  4.216 seconds
Domain Reload Profiling:
	ReloadAssembly (4217ms)
		BeginReloadAssembly (341ms)
			ExecutionOrderSort (0ms)
			DisableScriptedObjects (23ms)
			BackupInstance (0ms)
			ReleaseScriptingObjects (0ms)
			CreateAndSetChildDomain (116ms)
		EndReloadAssembly (3577ms)
			LoadAssemblies (431ms)
			RebuildTransferFunctionScriptingTraits (0ms)
			SetupTypeCache (1378ms)
			ReleaseScriptCaches (3ms)
			RebuildScriptCaches (201ms)
			SetupLoadedEditorAssemblies (1117ms)
				LogAssemblyErrors (0ms)
				InitializePlatformSupportModulesInManaged (17ms)
				SetLoadedEditorAssemblies (2ms)
				RefreshPlugins (2ms)
				BeforeProcessingInitializeOnLoad (240ms)
				ProcessInitializeOnLoadAttributes (785ms)
				ProcessInitializeOnLoadMethodAttributes (42ms)
				AfterProcessingInitializeOnLoad (29ms)
				EditorAssembliesLoaded (1ms)
			ExecutionOrderSort2 (0ms)
			AwakeInstancesAfterBackupRestoration (28ms)
Platform modules already initialized, skipping
Refreshing native plugins compatible for Editor in 3.61 ms, found 3 plugins.
Preloading 0 native plugins for Editor in 0.00 ms.
Unloading 2226 Unused Serialized files (Serialized files now loaded: 0)
System memory in use before: 97.3 MB.
System memory in use after: 97.4 MB.

Unloading 17 unused Assets to reduce memory usage. Loaded Objects now: 2696.
Total: 16.488300 ms (FindLiveObjects: 0.724500 ms CreateObjectMapping: 0.390600 ms MarkObjects: 15.289200 ms  DeleteObjects: 0.079300 ms)

AssetImportParameters requested are different than current active one (requested -> active):
  custom:framework-win-MediaFoundation: 216162199b28c13a410421893ffa2e32 -> 
  custom:video-decoder-ogg-theora: a1e56fd34408186e4bbccfd4996cb3dc -> 
  custom:container-muxer-webm: aa71ff27fc2769a1b78a27578f13a17b -> 
  custom:container-demuxer-webm: 4f35f7cbe854078d1ac9338744f61a02 -> 
  custom:container-demuxer-ogg: 62fdf1f143b41e24485cea50d1cbac27 -> 
  custom:video-encoder-webm-vp8: eb34c28f22e8b96e1ab97ce403110664 -> 
  custom:video-codec-MediaFoundation-h265: 746d11721c4dcdbdad8f713fa42b33f4 -> 
  custom:video-decoder-webm-vp8: 9c59270c3fd7afecdb556c50c9e8de78 -> 
  custom:audio-decoder-ogg-vorbis: bf7c407c2cedff20999df2af8eb42d56 -> 
  custom:audio-encoder-webm-vorbis: bf7c407c2cedff20999df2af8eb42d56 -> 
========================================================================
Received Prepare
Registering precompiled user dll's ...
Registered in 0.013841 seconds.
Begin MonoManager ReloadAssembly
Native extension for WindowsStandalone target not found
Native extension for WebGL target not found
Refreshing native plugins compatible for Editor in 1.62 ms, found 3 plugins.
Preloading 0 native plugins for Editor in 0.00 ms.
Mono: successfully reloaded assembly
- Completed reload, in  4.944 seconds
Domain Reload Profiling:
	ReloadAssembly (4945ms)
		BeginReloadAssembly (500ms)
			ExecutionOrderSort (0ms)
			DisableScriptedObjects (31ms)
			BackupInstance (0ms)
			ReleaseScriptingObjects (0ms)
			CreateAndSetChildDomain (163ms)
		EndReloadAssembly (4198ms)
			LoadAssemblies (482ms)
			RebuildTransferFunctionScriptingTraits (0ms)
			SetupTypeCache (1792ms)
			ReleaseScriptCaches (4ms)
			RebuildScriptCaches (219ms)
			SetupLoadedEditorAssemblies (1279ms)
				LogAssemblyErrors (0ms)
				InitializePlatformSupportModulesInManaged (27ms)
				SetLoadedEditorAssemblies (2ms)
				RefreshPlugins (2ms)
				BeforeProcessingInitializeOnLoad (356ms)
				ProcessInitializeOnLoadAttributes (842ms)
				ProcessInitializeOnLoadMethodAttributes (30ms)
				AfterProcessingInitializeOnLoad (20ms)
				EditorAssembliesLoaded (0ms)
			ExecutionOrderSort2 (0ms)
			AwakeInstancesAfterBackupRestoration (41ms)
Platform modules already initialized, skipping
Refreshing native plugins compatible for Editor in 1.83 ms, found 3 plugins.
Preloading 0 native plugins for Editor in 0.00 ms.
Unloading 2226 Unused Serialized files (Serialized files now loaded: 0)
System memory in use before: 97.3 MB.
System memory in use after: 97.4 MB.

Unloading 17 unused Assets to reduce memory usage. Loaded Objects now: 2698.
Total: 16.248900 ms (FindLiveObjects: 0.721700 ms CreateObjectMapping: 0.364800 ms MarkObjects: 15.029100 ms  DeleteObjects: 0.127500 ms)

AssetImportParameters requested are different than current active one (requested -> active):
  custom:framework-win-MediaFoundation: 216162199b28c13a410421893ffa2e32 -> 
  custom:video-decoder-ogg-theora: a1e56fd34408186e4bbccfd4996cb3dc -> 
  custom:container-muxer-webm: aa71ff27fc2769a1b78a27578f13a17b -> 
  custom:container-demuxer-webm: 4f35f7cbe854078d1ac9338744f61a02 -> 
  custom:container-demuxer-ogg: 62fdf1f143b41e24485cea50d1cbac27 -> 
  custom:video-encoder-webm-vp8: eb34c28f22e8b96e1ab97ce403110664 -> 
  custom:video-codec-MediaFoundation-h265: 746d11721c4dcdbdad8f713fa42b33f4 -> 
  custom:video-decoder-webm-vp8: 9c59270c3fd7afecdb556c50c9e8de78 -> 
  custom:audio-decoder-ogg-vorbis: bf7c407c2cedff20999df2af8eb42d56 -> 
  custom:audio-encoder-webm-vorbis: bf7c407c2cedff20999df2af8eb42d56 -> 
========================================================================
Received Prepare
Registering precompiled user dll's ...
Registered in 0.031009 seconds.
Begin MonoManager ReloadAssembly
Native extension for WindowsStandalone target not found
Native extension for WebGL target not found
Refreshing native plugins compatible for Editor in 1.77 ms, found 3 plugins.
Preloading 0 native plugins for Editor in 0.00 ms.
Mono: successfully reloaded assembly
- Completed reload, in  3.869 seconds
Domain Reload Profiling:
	ReloadAssembly (3870ms)
		BeginReloadAssembly (469ms)
			ExecutionOrderSort (0ms)
			DisableScriptedObjects (24ms)
			BackupInstance (0ms)
			ReleaseScriptingObjects (0ms)
			CreateAndSetChildDomain (127ms)
		EndReloadAssembly (3200ms)
			LoadAssemblies (394ms)
			RebuildTransferFunctionScriptingTraits (0ms)
			SetupTypeCache (1051ms)
			ReleaseScriptCaches (3ms)
			RebuildScriptCaches (197ms)
			SetupLoadedEditorAssemblies (1160ms)
				LogAssemblyErrors (0ms)
				InitializePlatformSupportModulesInManaged (54ms)
				SetLoadedEditorAssemblies (3ms)
				RefreshPlugins (2ms)
				BeforeProcessingInitializeOnLoad (404ms)
				ProcessInitializeOnLoadAttributes (648ms)
				ProcessInitializeOnLoadMethodAttributes (29ms)
				AfterProcessingInitializeOnLoad (20ms)
				EditorAssembliesLoaded (0ms)
			ExecutionOrderSort2 (0ms)
			AwakeInstancesAfterBackupRestoration (27ms)
Platform modules already initialized, skipping
Refreshing native plugins compatible for Editor in 1.01 ms, found 3 plugins.
Preloading 0 native plugins for Editor in 0.00 ms.
Unloading 2226 Unused Serialized files (Serialized files now loaded: 0)
System memory in use before: 97.3 MB.
System memory in use after: 97.4 MB.

Unloading 17 unused Assets to reduce memory usage. Loaded Objects now: 2700.
Total: 7.784300 ms (FindLiveObjects: 0.380000 ms CreateObjectMapping: 0.206000 ms MarkObjects: 7.088400 ms  DeleteObjects: 0.107700 ms)

AssetImportParameters requested are different than current active one (requested -> active):
  custom:framework-win-MediaFoundation: 216162199b28c13a410421893ffa2e32 -> 
  custom:video-decoder-ogg-theora: a1e56fd34408186e4bbccfd4996cb3dc -> 
  custom:container-muxer-webm: aa71ff27fc2769a1b78a27578f13a17b -> 
  custom:container-demuxer-webm: 4f35f7cbe854078d1ac9338744f61a02 -> 
  custom:container-demuxer-ogg: 62fdf1f143b41e24485cea50d1cbac27 -> 
  custom:video-encoder-webm-vp8: eb34c28f22e8b96e1ab97ce403110664 -> 
  custom:video-codec-MediaFoundation-h265: 746d11721c4dcdbdad8f713fa42b33f4 -> 
  custom:video-decoder-webm-vp8: 9c59270c3fd7afecdb556c50c9e8de78 -> 
  custom:audio-decoder-ogg-vorbis: bf7c407c2cedff20999df2af8eb42d56 -> 
  custom:audio-encoder-webm-vorbis: bf7c407c2cedff20999df2af8eb42d56 -> 
========================================================================
Received Prepare
Registering precompiled user dll's ...
Registered in 0.013383 seconds.
Begin MonoManager ReloadAssembly
Native extension for WindowsStandalone target not found
Native extension for WebGL target not found
Refreshing native plugins compatible for Editor in 1.89 ms, found 3 plugins.
Preloading 0 native plugins for Editor in 0.00 ms.
Mono: successfully reloaded assembly
- Completed reload, in  3.436 seconds
Domain Reload Profiling:
	ReloadAssembly (3437ms)
		BeginReloadAssembly (377ms)
			ExecutionOrderSort (0ms)
			DisableScriptedObjects (20ms)
			BackupInstance (0ms)
			ReleaseScriptingObjects (0ms)
			CreateAndSetChildDomain (121ms)
		EndReloadAssembly (2729ms)
			LoadAssemblies (409ms)
			RebuildTransferFunctionScriptingTraits (0ms)
			SetupTypeCache (861ms)
			ReleaseScriptCaches (2ms)
			RebuildScriptCaches (132ms)
			SetupLoadedEditorAssemblies (934ms)
				LogAssemblyErrors (0ms)
				InitializePlatformSupportModulesInManaged (20ms)
				SetLoadedEditorAssemblies (4ms)
				RefreshPlugins (2ms)
				BeforeProcessingInitializeOnLoad (223ms)
				ProcessInitializeOnLoadAttributes (624ms)
				ProcessInitializeOnLoadMethodAttributes (39ms)
				AfterProcessingInitializeOnLoad (21ms)
				EditorAssembliesLoaded (1ms)
			ExecutionOrderSort2 (0ms)
			AwakeInstancesAfterBackupRestoration (29ms)
Platform modules already initialized, skipping
Refreshing native plugins compatible for Editor in 1.32 ms, found 3 plugins.
Preloading 0 native plugins for Editor in 0.00 ms.
Unloading 2226 Unused Serialized files (Serialized files now loaded: 0)
System memory in use before: 97.3 MB.
System memory in use after: 97.4 MB.

Unloading 17 unused Assets to reduce memory usage. Loaded Objects now: 2702.
Total: 13.616200 ms (FindLiveObjects: 0.781000 ms CreateObjectMapping: 0.456600 ms MarkObjects: 12.198400 ms  DeleteObjects: 0.175400 ms)

AssetImportParameters requested are different than current active one (requested -> active):
  custom:framework-win-MediaFoundation: 216162199b28c13a410421893ffa2e32 -> 
  custom:video-decoder-ogg-theora: a1e56fd34408186e4bbccfd4996cb3dc -> 
  custom:container-muxer-webm: aa71ff27fc2769a1b78a27578f13a17b -> 
  custom:container-demuxer-webm: 4f35f7cbe854078d1ac9338744f61a02 -> 
  custom:container-demuxer-ogg: 62fdf1f143b41e24485cea50d1cbac27 -> 
  custom:video-encoder-webm-vp8: eb34c28f22e8b96e1ab97ce403110664 -> 
  custom:video-codec-MediaFoundation-h265: 746d11721c4dcdbdad8f713fa42b33f4 -> 
  custom:video-decoder-webm-vp8: 9c59270c3fd7afecdb556c50c9e8de78 -> 
  custom:audio-decoder-ogg-vorbis: bf7c407c2cedff20999df2af8eb42d56 -> 
  custom:audio-encoder-webm-vorbis: bf7c407c2cedff20999df2af8eb42d56 -> 
========================================================================
Received Prepare
Registering precompiled user dll's ...
Registered in 0.013927 seconds.
Begin MonoManager ReloadAssembly
Native extension for WindowsStandalone target not found
Native extension for WebGL target not found
Refreshing native plugins compatible for Editor in 1.05 ms, found 3 plugins.
Preloading 0 native plugins for Editor in 0.00 ms.
Mono: successfully reloaded assembly
- Completed reload, in  3.501 seconds
Domain Reload Profiling:
	ReloadAssembly (3502ms)
		BeginReloadAssembly (440ms)
			ExecutionOrderSort (0ms)
			DisableScriptedObjects (19ms)
			BackupInstance (0ms)
			ReleaseScriptingObjects (0ms)
			CreateAndSetChildDomain (145ms)
		EndReloadAssembly (2885ms)
			LoadAssemblies (326ms)
			RebuildTransferFunctionScriptingTraits (0ms)
			SetupTypeCache (1031ms)
			ReleaseScriptCaches (2ms)
			RebuildScriptCaches (156ms)
			SetupLoadedEditorAssemblies (1014ms)
				LogAssemblyErrors (0ms)
				InitializePlatformSupportModulesInManaged (19ms)
				SetLoadedEditorAssemblies (1ms)
				RefreshPlugins (1ms)
				BeforeProcessingInitializeOnLoad (195ms)
				ProcessInitializeOnLoadAttributes (739ms)
				ProcessInitializeOnLoadMethodAttributes (34ms)
				AfterProcessingInitializeOnLoad (25ms)
				EditorAssembliesLoaded (1ms)
			ExecutionOrderSort2 (0ms)
			AwakeInstancesAfterBackupRestoration (48ms)
Platform modules already initialized, skipping
Refreshing native plugins compatible for Editor in 1.04 ms, found 3 plugins.
Preloading 0 native plugins for Editor in 0.00 ms.
Unloading 2226 Unused Serialized files (Serialized files now loaded: 0)
System memory in use before: 97.3 MB.
System memory in use after: 97.4 MB.

Unloading 17 unused Assets to reduce memory usage. Loaded Objects now: 2704.
Total: 6.492500 ms (FindLiveObjects: 0.416100 ms CreateObjectMapping: 0.195300 ms MarkObjects: 5.653700 ms  DeleteObjects: 0.224400 ms)

AssetImportParameters requested are different than current active one (requested -> active):
  custom:framework-win-MediaFoundation: 216162199b28c13a410421893ffa2e32 -> 
  custom:video-decoder-ogg-theora: a1e56fd34408186e4bbccfd4996cb3dc -> 
  custom:container-muxer-webm: aa71ff27fc2769a1b78a27578f13a17b -> 
  custom:container-demuxer-webm: 4f35f7cbe854078d1ac9338744f61a02 -> 
  custom:container-demuxer-ogg: 62fdf1f143b41e24485cea50d1cbac27 -> 
  custom:video-encoder-webm-vp8: eb34c28f22e8b96e1ab97ce403110664 -> 
  custom:video-codec-MediaFoundation-h265: 746d11721c4dcdbdad8f713fa42b33f4 -> 
  custom:video-decoder-webm-vp8: 9c59270c3fd7afecdb556c50c9e8de78 -> 
  custom:audio-decoder-ogg-vorbis: bf7c407c2cedff20999df2af8eb42d56 -> 
  custom:audio-encoder-webm-vorbis: bf7c407c2cedff20999df2af8eb42d56 -> 
========================================================================
Received Import Request.
  Time since last request: 1794.088505 seconds.
  path: Assets/state_images/Alabama.png
  artifactKey: Guid(3290732377b15e64db6efc90c3c29f71) Importer(815301076,1909f56bfc062723c751e8b465ee728b)
Start importing Assets/state_images/Alabama.png using Guid(3290732377b15e64db6efc90c3c29f71) Importer(815301076,1909f56bfc062723c751e8b465ee728b)  -> (artifact id: '2fa85b013b16ac6a32d14ff5a358ba20') in 0.405744 seconds 
  Import took 0.419943 seconds .

========================================================================
Received Import Request.
  Time since last request: 0.000618 seconds.
  path: Assets/state_images/New Jersey.png
  artifactKey: Guid(dfe63c8087ce22743b275a77148a9c55) Importer(815301076,1909f56bfc062723c751e8b465ee728b)
Start importing Assets/state_images/New Jersey.png using Guid(dfe63c8087ce22743b275a77148a9c55) Importer(815301076,1909f56bfc062723c751e8b465ee728b)  -> (artifact id: 'c4642acc5a3415af252c76c286830922') in 0.061841 seconds 
  Import took 0.072882 seconds .

========================================================================
Received Import Request.
  Time since last request: 0.000458 seconds.
  path: Assets/state_images/Mississippi.png
  artifactKey: Guid(6edde545f38255948b0dc9dc0ca264f9) Importer(815301076,1909f56bfc062723c751e8b465ee728b)
Start importing Assets/state_images/Mississippi.png using Guid(6edde545f38255948b0dc9dc0ca264f9) Importer(815301076,1909f56bfc062723c751e8b465ee728b)  -> (artifact id: '59852ead4d89fd046dd44a6cad5bc871') in 0.053740 seconds 
  Import took 0.064563 seconds .

========================================================================
Received Import Request.
  Time since last request: 0.000513 seconds.
  path: Assets/state_images/Florida.png
  artifactKey: Guid(506990d8bb0743c4d876405c6151c8ac) Importer(815301076,1909f56bfc062723c751e8b465ee728b)
Start importing Assets/state_images/Florida.png using Guid(506990d8bb0743c4d876405c6151c8ac) Importer(815301076,1909f56bfc062723c751e8b465ee728b)  -> (artifact id: '312cff005bafdd2822f6f778bedf5af3') in 0.045811 seconds 
  Import took 0.052481 seconds .

========================================================================
Received Import Request.
  Time since last request: 0.000589 seconds.
  path: Assets/state_images/Nebraska.png
  artifactKey: Guid(6bc56c4c3c2415248b85f972fbe23bd8) Importer(815301076,1909f56bfc062723c751e8b465ee728b)
Start importing Assets/state_images/Nebraska.png using Guid(6bc56c4c3c2415248b85f972fbe23bd8) Importer(815301076,1909f56bfc062723c751e8b465ee728b)  -> (artifact id: 'b34a99aad3852283ed8c970386a2541f') in 0.053863 seconds 
  Import took 0.063669 seconds .

========================================================================
Received Import Request.
  Time since last request: 0.000560 seconds.
  path: Assets/state_images/New Mexico.png
  artifactKey: Guid(ec281b4e5d116fd418fbd785cc14011c) Importer(815301076,1909f56bfc062723c751e8b465ee728b)
Start importing Assets/state_images/New Mexico.png using Guid(ec281b4e5d116fd418fbd785cc14011c) Importer(815301076,1909f56bfc062723c751e8b465ee728b)  -> (artifact id: '0e62461022c9e150ade6206cd0c18707') in 0.060067 seconds 
  Import took 0.069394 seconds .

========================================================================
Received Import Request.
  Time since last request: 0.000624 seconds.
  path: Assets/state_images/Idaho.png
  artifactKey: Guid(0472b28eff0151e48a3b13442ff8c76e) Importer(815301076,1909f56bfc062723c751e8b465ee728b)
Start importing Assets/state_images/Idaho.png using Guid(0472b28eff0151e48a3b13442ff8c76e) Importer(815301076,1909f56bfc062723c751e8b465ee728b)  -> (artifact id: 'e390dbef87d8e4234f808f21dd6b77cb') in 0.056942 seconds 
  Import took 0.066252 seconds .

========================================================================
Received Import Request.
  Time since last request: 0.000557 seconds.
  path: Assets/state_images/Oklahoma.png
  artifactKey: Guid(a404c91a23a3cf14aa4bf1254455e98b) Importer(815301076,1909f56bfc062723c751e8b465ee728b)
Start importing Assets/state_images/Oklahoma.png using Guid(a404c91a23a3cf14aa4bf1254455e98b) Importer(815301076,1909f56bfc062723c751e8b465ee728b)  -> (artifact id: 'a3ea2a86978fdac119764ff5d7da70fc') in 0.059622 seconds 
  Import took 0.068575 seconds .

========================================================================
Received Import Request.
  Time since last request: 0.000595 seconds.
  path: Assets/state_images/Arizona.png
  artifactKey: Guid(8ad304a4dddd9a1469c4f29d93222a78) Importer(815301076,1909f56bfc062723c751e8b465ee728b)
Start importing Assets/state_images/Arizona.png using Guid(8ad304a4dddd9a1469c4f29d93222a78) Importer(815301076,1909f56bfc062723c751e8b465ee728b)  -> (artifact id: 'fbc55e9ef613ecc3c3b5668b9db11c58') in 0.059452 seconds 
  Import took 0.067250 seconds .

========================================================================
Received Import Request.
  Time since last request: 0.000556 seconds.
  path: Assets/state_images/North Dakota.png
  artifactKey: Guid(50f0d0d6b0528d949a01d9b29267b698) Importer(815301076,1909f56bfc062723c751e8b465ee728b)
Start importing Assets/state_images/North Dakota.png using Guid(50f0d0d6b0528d949a01d9b29267b698) Importer(815301076,1909f56bfc062723c751e8b465ee728b)  -> (artifact id: 'aae4533e9b527a1c329d61136cd2d558') in 0.070015 seconds 
  Import took 0.079527 seconds .

========================================================================
Received Import Request.
  Time since last request: 0.000575 seconds.
  path: Assets/state_images/Colorado.png
  artifactKey: Guid(badc16f73c3b8cc419b6c5b9bc27dce2) Importer(815301076,1909f56bfc062723c751e8b465ee728b)
Start importing Assets/state_images/Colorado.png using Guid(badc16f73c3b8cc419b6c5b9bc27dce2) Importer(815301076,1909f56bfc062723c751e8b465ee728b)  -> (artifact id: 'cc96210eb1573ab83a1aa36f03e0e613') in 0.070134 seconds 
  Import took 0.079513 seconds .

========================================================================
Received Import Request.
  Time since last request: 0.000619 seconds.
  path: Assets/state_images/Alaska.png
  artifactKey: Guid(edc9a779c52973a409e05702c48e7069) Importer(815301076,1909f56bfc062723c751e8b465ee728b)
Start importing Assets/state_images/Alaska.png using Guid(edc9a779c52973a409e05702c48e7069) Importer(815301076,1909f56bfc062723c751e8b465ee728b)  -> (artifact id: '383194a3bfc7e3567bc297042b4c600d') in 0.052427 seconds 
  Import took 0.061025 seconds .

========================================================================
Received Import Request.
  Time since last request: 0.001234 seconds.
  path: Assets/state_images/New Hampshire.png
  artifactKey: Guid(d6b79cd2b55a9fb41a7329cddaa3fdb9) Importer(815301076,1909f56bfc062723c751e8b465ee728b)
Start importing Assets/state_images/New Hampshire.png using Guid(d6b79cd2b55a9fb41a7329cddaa3fdb9) Importer(815301076,1909f56bfc062723c751e8b465ee728b)  -> (artifact id: '5bf08118a769d7ae5bdae13cd5b5ed52') in 0.060480 seconds 
  Import took 0.069389 seconds .

========================================================================
Received Import Request.
  Time since last request: 0.000520 seconds.
  path: Assets/state_images/Georgia.png
  artifactKey: Guid(819406ad6c46c964c8cc77c7c09809ac) Importer(815301076,1909f56bfc062723c751e8b465ee728b)
Start importing Assets/state_images/Georgia.png using Guid(819406ad6c46c964c8cc77c7c09809ac) Importer(815301076,1909f56bfc062723c751e8b465ee728b)  -> (artifact id: 'ee3c42cf1fddcb844038ee8d9b59f77a') in 0.061754 seconds 
  Import took 0.070376 seconds .

========================================================================
Received Import Request.
  Time since last request: 0.000569 seconds.
  path: Assets/state_images/Oregon.png
  artifactKey: Guid(f15c2f74ffb12d44eb5e2ca280517d5b) Importer(815301076,1909f56bfc062723c751e8b465ee728b)
Start importing Assets/state_images/Oregon.png using Guid(f15c2f74ffb12d44eb5e2ca280517d5b) Importer(815301076,1909f56bfc062723c751e8b465ee728b)  -> (artifact id: 'c182f85124d08d9c851c9ef68e591a28') in 0.063276 seconds 
  Import took 0.071164 seconds .

========================================================================
Received Import Request.
  Time since last request: 0.000524 seconds.
  path: Assets/state_images/Indiana.png
  artifactKey: Guid(18eb9a71531a5ba47b978801fb8ebfeb) Importer(815301076,1909f56bfc062723c751e8b465ee728b)
Start importing Assets/state_images/Indiana.png using Guid(18eb9a71531a5ba47b978801fb8ebfeb) Importer(815301076,1909f56bfc062723c751e8b465ee728b)  -> (artifact id: '24ad69c51c91502df7ae8dadf92699ac') in 0.063144 seconds 
  Import took 0.072787 seconds .

========================================================================
Received Import Request.
  Time since last request: 0.000487 seconds.
  path: Assets/state_images/Illinois.png
  artifactKey: Guid(555710383efd8ef479d492ba2c265159) Importer(815301076,1909f56bfc062723c751e8b465ee728b)
Start importing Assets/state_images/Illinois.png using Guid(555710383efd8ef479d492ba2c265159) Importer(815301076,1909f56bfc062723c751e8b465ee728b)  -> (artifact id: 'f340dfed52967463a1a2837d3dd7a0ef') in 0.058815 seconds 
  Import took 0.067072 seconds .

========================================================================
Received Import Request.
  Time since last request: 0.000558 seconds.
  path: Assets/state_images/Connecticut.png
  artifactKey: Guid(4aa7bc2a853d8a4479007d20f906c799) Importer(815301076,1909f56bfc062723c751e8b465ee728b)
Start importing Assets/state_images/Connecticut.png using Guid(4aa7bc2a853d8a4479007d20f906c799) Importer(815301076,1909f56bfc062723c751e8b465ee728b)  -> (artifact id: '9d78b1f3624b6318b8bd3c1ec5120c7f') in 0.058810 seconds 
  Import took 0.066907 seconds .

========================================================================
Received Import Request.
  Time since last request: 0.000550 seconds.
  path: Assets/state_images/Maryland.png
  artifactKey: Guid(6cd367b1639b0104086862fd150ea4b7) Importer(815301076,1909f56bfc062723c751e8b465ee728b)
Start importing Assets/state_images/Maryland.png using Guid(6cd367b1639b0104086862fd150ea4b7) Importer(815301076,1909f56bfc062723c751e8b465ee728b)  -> (artifact id: '75dcc1d67d172397291d5d0fff911fc6') in 0.063708 seconds 
  Import took 0.071207 seconds .

========================================================================
Received Import Request.
  Time since last request: 0.000544 seconds.
  path: Assets/state_images/Montana.png
  artifactKey: Guid(72e5eb91bcb969e4ebda7f11716ffe17) Importer(815301076,1909f56bfc062723c751e8b465ee728b)
Start importing Assets/state_images/Montana.png using Guid(72e5eb91bcb969e4ebda7f11716ffe17) Importer(815301076,1909f56bfc062723c751e8b465ee728b)  -> (artifact id: '5fecda5576041087132b8309538979df') in 0.063682 seconds 
  Import took 0.072286 seconds .

========================================================================
Received Import Request.
  Time since last request: 0.000631 seconds.
  path: Assets/state_images/Arkansas.png
  artifactKey: Guid(b6aeb7a1ae6f0d9408e04710d5b7ce06) Importer(815301076,1909f56bfc062723c751e8b465ee728b)
Start importing Assets/state_images/Arkansas.png using Guid(b6aeb7a1ae6f0d9408e04710d5b7ce06) Importer(815301076,1909f56bfc062723c751e8b465ee728b)  -> (artifact id: '7e7df55a4bb0946d06a19bd9973cabf6') in 0.057319 seconds 
  Import took 0.066931 seconds .

========================================================================
Received Import Request.
  Time since last request: 0.000583 seconds.
  path: Assets/state_images/Kansas.png
  artifactKey: Guid(7e532f1452544f2409bd41cdba62e3e9) Importer(815301076,1909f56bfc062723c751e8b465ee728b)
Start importing Assets/state_images/Kansas.png using Guid(7e532f1452544f2409bd41cdba62e3e9) Importer(815301076,1909f56bfc062723c751e8b465ee728b)  -> (artifact id: 'd905a1ccd3ac133b31d81ddb5a2a560c') in 0.058985 seconds 
  Import took 0.068895 seconds .

========================================================================
Received Import Request.
  Time since last request: 0.000585 seconds.
  path: Assets/state_images/California.png
  artifactKey: Guid(a3ab9ab07c24757418fae051efc3dd74) Importer(815301076,1909f56bfc062723c751e8b465ee728b)
Start importing Assets/state_images/California.png using Guid(a3ab9ab07c24757418fae051efc3dd74) Importer(815301076,1909f56bfc062723c751e8b465ee728b)  -> (artifact id: 'f4be9abc4fe0c4fe2c39d784d3722c18') in 0.064705 seconds 
  Import took 0.076467 seconds .

========================================================================
Received Import Request.
  Time since last request: 0.000735 seconds.
  path: Assets/state_images/New York.png
  artifactKey: Guid(ba32df7b943f9494ea7ac00551297b36) Importer(815301076,1909f56bfc062723c751e8b465ee728b)
Start importing Assets/state_images/New York.png using Guid(ba32df7b943f9494ea7ac00551297b36) Importer(815301076,1909f56bfc062723c751e8b465ee728b)  -> (artifact id: '09a9ebbdf464c41abcbeabd5a0924581') in 0.061451 seconds 
  Import took 0.076058 seconds .

========================================================================
Received Import Request.
  Time since last request: 0.000501 seconds.
  path: Assets/state_images/Missouri.png
  artifactKey: Guid(3b418a1352fae2c4182510026cd6f0db) Importer(815301076,1909f56bfc062723c751e8b465ee728b)
Start importing Assets/state_images/Missouri.png using Guid(3b418a1352fae2c4182510026cd6f0db) Importer(815301076,1909f56bfc062723c751e8b465ee728b)  -> (artifact id: '147944417bce472caecef87d4644e150') in 0.065551 seconds 
  Import took 0.077762 seconds .

========================================================================
Received Import Request.
  Time since last request: 0.000582 seconds.
  path: Assets/state_images/Kentucky.png
  artifactKey: Guid(2c2b209d2a1e62c41b02cda9db88a7c2) Importer(815301076,1909f56bfc062723c751e8b465ee728b)
Start importing Assets/state_images/Kentucky.png using Guid(2c2b209d2a1e62c41b02cda9db88a7c2) Importer(815301076,1909f56bfc062723c751e8b465ee728b)  -> (artifact id: 'c2e9fbe35974e85b794c0465b4e4591e') in 0.063774 seconds 
  Import took 0.071576 seconds .

========================================================================
Received Import Request.
  Time since last request: 0.000597 seconds.
  path: Assets/state_images/Minnesota.png
  artifactKey: Guid(5748c4427dacc104bb7b7bb8e62d0280) Importer(815301076,1909f56bfc062723c751e8b465ee728b)
Start importing Assets/state_images/Minnesota.png using Guid(5748c4427dacc104bb7b7bb8e62d0280) Importer(815301076,1909f56bfc062723c751e8b465ee728b)  -> (artifact id: 'fe9d313b96a9ae07200905005dd2d1c2') in 0.087125 seconds 
  Import took 0.099510 seconds .

========================================================================
Received Import Request.
  Time since last request: 0.000890 seconds.
  path: Assets/state_images/Nevada.png
  artifactKey: Guid(16725429e2d5f674ebacbdf5724fcc9b) Importer(815301076,1909f56bfc062723c751e8b465ee728b)
Start importing Assets/state_images/Nevada.png using Guid(16725429e2d5f674ebacbdf5724fcc9b) Importer(815301076,1909f56bfc062723c751e8b465ee728b)  -> (artifact id: '0181acc91a20f49cb63d9b252be1d1be') in 0.087404 seconds 
  Import took 0.097680 seconds .

========================================================================
Received Import Request.
  Time since last request: 0.000470 seconds.
  path: Assets/state_images/Hawaii.png
  artifactKey: Guid(dc52f1740cf56b241aab06696b40d85c) Importer(815301076,1909f56bfc062723c751e8b465ee728b)
Start importing Assets/state_images/Hawaii.png using Guid(dc52f1740cf56b241aab06696b40d85c) Importer(815301076,1909f56bfc062723c751e8b465ee728b)  -> (artifact id: 'c5398a52e35014a40625ff75c5d9418b') in 0.054873 seconds 
  Import took 0.063129 seconds .

========================================================================
Received Import Request.
  Time since last request: 0.000586 seconds.
  path: Assets/state_images/Iowa.png
  artifactKey: Guid(4505237d1a61be34cac67ed9c3503595) Importer(815301076,1909f56bfc062723c751e8b465ee728b)
Start importing Assets/state_images/Iowa.png using Guid(4505237d1a61be34cac67ed9c3503595) Importer(815301076,1909f56bfc062723c751e8b465ee728b)  -> (artifact id: '61d86e50576c2f55d5e36f7b9d81b1aa') in 0.054524 seconds 
  Import took 0.063125 seconds .

========================================================================
Received Import Request.
  Time since last request: 0.000583 seconds.
  path: Assets/state_images/Maine.png
  artifactKey: Guid(1d15dfd8a4dfd7b458929c1608fe98b8) Importer(815301076,1909f56bfc062723c751e8b465ee728b)
Start importing Assets/state_images/Maine.png using Guid(1d15dfd8a4dfd7b458929c1608fe98b8) Importer(815301076,1909f56bfc062723c751e8b465ee728b)  -> (artifact id: '1473d3fa2f4c8f76c27e23b57b4ede8c') in 0.061285 seconds 
  Import took 0.070921 seconds .

========================================================================
Received Import Request.
  Time since last request: 0.000724 seconds.
  path: Assets/state_images/North Carolina.png
  artifactKey: Guid(d24d5f4cc0d9a454fad59e41f32a6299) Importer(815301076,1909f56bfc062723c751e8b465ee728b)
Start importing Assets/state_images/North Carolina.png using Guid(d24d5f4cc0d9a454fad59e41f32a6299) Importer(815301076,1909f56bfc062723c751e8b465ee728b)  -> (artifact id: '039aec68edf7f58ef4f0d0c610ab3ed3') in 0.062705 seconds 
  Import took 0.072855 seconds .

========================================================================
Received Import Request.
  Time since last request: 0.000586 seconds.
  path: Assets/state_images/Virginia.png
  artifactKey: Guid(1cc7780957f41e3449a763fc5fe5d24a) Importer(815301076,1909f56bfc062723c751e8b465ee728b)
Start importing Assets/state_images/Virginia.png using Guid(1cc7780957f41e3449a763fc5fe5d24a) Importer(815301076,1909f56bfc062723c751e8b465ee728b)  -> (artifact id: '0ef3df6c4ca63cc3f78096625021000a') in 0.060822 seconds 
  Import took 0.070645 seconds .

========================================================================
Received Import Request.
  Time since last request: 0.000569 seconds.
  path: Assets/state_images/Wyoming.png
  artifactKey: Guid(a9ba03ff63654d2448cde03ed1ba9b2f) Importer(815301076,1909f56bfc062723c751e8b465ee728b)
Start importing Assets/state_images/Wyoming.png using Guid(a9ba03ff63654d2448cde03ed1ba9b2f) Importer(815301076,1909f56bfc062723c751e8b465ee728b)  -> (artifact id: '16b32b6e87bf087772658aa7d8d3fc85') in 0.059805 seconds 
  Import took 0.068842 seconds .

========================================================================
Received Import Request.
  Time since last request: 0.000545 seconds.
  path: Assets/state_images/Pennsylvania.png
  artifactKey: Guid(80f6bd144ace9f6409c0ac8fd9220277) Importer(815301076,1909f56bfc062723c751e8b465ee728b)
Start importing Assets/state_images/Pennsylvania.png using Guid(80f6bd144ace9f6409c0ac8fd9220277) Importer(815301076,1909f56bfc062723c751e8b465ee728b)  -> (artifact id: '5135206880f3d98f853f97be78539293') in 0.058132 seconds 
  Import took 0.066088 seconds .

========================================================================
Received Import Request.
  Time since last request: 0.000541 seconds.
  path: Assets/state_images/South Dakota.png
  artifactKey: Guid(cd7a74eeac00d15458bdf6cc5bcc6c95) Importer(815301076,1909f56bfc062723c751e8b465ee728b)
Start importing Assets/state_images/South Dakota.png using Guid(cd7a74eeac00d15458bdf6cc5bcc6c95) Importer(815301076,1909f56bfc062723c751e8b465ee728b)  -> (artifact id: '81989afe351d0346bf83cbc97d554296') in 0.060065 seconds 
  Import took 0.068687 seconds .

========================================================================
Received Import Request.
  Time since last request: 0.000664 seconds.
  path: Assets/state_images/South Carolina.png
  artifactKey: Guid(8f907ca8134e7a04287996f2bb18d594) Importer(815301076,1909f56bfc062723c751e8b465ee728b)
Start importing Assets/state_images/South Carolina.png using Guid(8f907ca8134e7a04287996f2bb18d594) Importer(815301076,1909f56bfc062723c751e8b465ee728b)  -> (artifact id: '92576ce7e11fc8363142cfc9f05074e6') in 0.061421 seconds 
  Import took 0.070691 seconds .

========================================================================
Received Import Request.
  Time since last request: 0.000534 seconds.
  path: Assets/state_images/West Virginia.png
  artifactKey: Guid(fecb61d786d6fa14d814634e87c0efc5) Importer(815301076,1909f56bfc062723c751e8b465ee728b)
Start importing Assets/state_images/West Virginia.png using Guid(fecb61d786d6fa14d814634e87c0efc5) Importer(815301076,1909f56bfc062723c751e8b465ee728b)  -> (artifact id: '29a8409d8e87d11a0821c2c68c160a8d') in 0.058128 seconds 
  Import took 0.070489 seconds .

========================================================================
Received Import Request.
  Time since last request: 0.000579 seconds.
  path: Assets/state_images/Tennessee.png
  artifactKey: Guid(ef1eb37e78ac3a94c8e0f91220fee488) Importer(815301076,1909f56bfc062723c751e8b465ee728b)
Start importing Assets/state_images/Tennessee.png using Guid(ef1eb37e78ac3a94c8e0f91220fee488) Importer(815301076,1909f56bfc062723c751e8b465ee728b)  -> (artifact id: '209d5b5a01e39d4774c9f0a20c27a819') in 0.054187 seconds 
  Import took 0.063386 seconds .

========================================================================
Received Import Request.
  Time since last request: 0.000597 seconds.
  path: Assets/state_images/Vermont.png
  artifactKey: Guid(5c21380f037adac43b633853e917c8cb) Importer(815301076,1909f56bfc062723c751e8b465ee728b)
Start importing Assets/state_images/Vermont.png using Guid(5c21380f037adac43b633853e917c8cb) Importer(815301076,1909f56bfc062723c751e8b465ee728b)  -> (artifact id: 'c1e0ecfc7cdd108a404909707fb3ac4b') in 0.060532 seconds 
  Import took 0.069552 seconds .

========================================================================
Received Import Request.
  Time since last request: 0.000594 seconds.
  path: Assets/state_images/Rhode Island.png
  artifactKey: Guid(a2595dc60ed6ccf41a80a7aaeef782f9) Importer(815301076,1909f56bfc062723c751e8b465ee728b)
Start importing Assets/state_images/Rhode Island.png using Guid(a2595dc60ed6ccf41a80a7aaeef782f9) Importer(815301076,1909f56bfc062723c751e8b465ee728b)  -> (artifact id: '23cc6c31408f672961640365c121407a') in 0.060070 seconds 
  Import took 0.070883 seconds .

========================================================================
Received Import Request.
  Time since last request: 0.000570 seconds.
  path: Assets/state_images/Wisconsin.png
  artifactKey: Guid(d30bbf22d8573ba48820ff8aae91662a) Importer(815301076,1909f56bfc062723c751e8b465ee728b)
Start importing Assets/state_images/Wisconsin.png using Guid(d30bbf22d8573ba48820ff8aae91662a) Importer(815301076,1909f56bfc062723c751e8b465ee728b)  -> (artifact id: '12a34acc9d047e9024ad31a954040ecb') in 0.059862 seconds 
  Import took 0.071402 seconds .

========================================================================
Received Import Request.
  Time since last request: 0.000598 seconds.
  path: Assets/state_images/Utah.png
  artifactKey: Guid(babd03d37c933c14a81c874138980944) Importer(815301076,1909f56bfc062723c751e8b465ee728b)
Start importing Assets/state_images/Utah.png using Guid(babd03d37c933c14a81c874138980944) Importer(815301076,1909f56bfc062723c751e8b465ee728b)  -> (artifact id: '14eab599bb3869d508fa6c4a5f349bf4') in 0.059823 seconds 
  Import took 0.068567 seconds .

========================================================================
Received Import Request.
  Time since last request: 0.000627 seconds.
  path: Assets/state_images/Massachusetts.png
  artifactKey: Guid(aa27bd8810fbfd242939195d0f678ce2) Importer(815301076,1909f56bfc062723c751e8b465ee728b)
Start importing Assets/state_images/Massachusetts.png using Guid(aa27bd8810fbfd242939195d0f678ce2) Importer(815301076,1909f56bfc062723c751e8b465ee728b)  -> (artifact id: '3ed9f7249be94e8fed55b2c1d588ed35') in 0.057162 seconds 
  Import took 0.065644 seconds .

========================================================================
Received Import Request.
  Time since last request: 0.000622 seconds.
  path: Assets/state_images/Louisiana.png
  artifactKey: Guid(b33896c947707024a867fa06b55890c8) Importer(815301076,1909f56bfc062723c751e8b465ee728b)
Start importing Assets/state_images/Louisiana.png using Guid(b33896c947707024a867fa06b55890c8) Importer(815301076,1909f56bfc062723c751e8b465ee728b)  -> (artifact id: '8ff7bf00ae8c8fec3ea6e9713da2e536') in 0.060430 seconds 
  Import took 0.071257 seconds .

========================================================================
Received Import Request.
  Time since last request: 0.000675 seconds.
  path: Assets/state_images/Washington.png
  artifactKey: Guid(666aa42adec7ea941832161f3c2abeb1) Importer(815301076,1909f56bfc062723c751e8b465ee728b)
Start importing Assets/state_images/Washington.png using Guid(666aa42adec7ea941832161f3c2abeb1) Importer(815301076,1909f56bfc062723c751e8b465ee728b)  -> (artifact id: '22423a4b88cb20c4f9d40b28ec38f5d5') in 0.069341 seconds 
  Import took 0.079330 seconds .

========================================================================
Received Import Request.
  Time since last request: 0.000667 seconds.
  path: Assets/state_images/Delaware.png
  artifactKey: Guid(eb1009feb52c2df479bb1fc64c477f83) Importer(815301076,1909f56bfc062723c751e8b465ee728b)
Start importing Assets/state_images/Delaware.png using Guid(eb1009feb52c2df479bb1fc64c477f83) Importer(815301076,1909f56bfc062723c751e8b465ee728b)  -> (artifact id: 'ea00f4036a1f0a5598ca9cf97f3d6fba') in 0.089083 seconds 
  Import took 0.100347 seconds .

========================================================================
Received Import Request.
  Time since last request: 0.000697 seconds.
  path: Assets/state_images/Ohio.png
  artifactKey: Guid(2e766969816b7f945a460c9893e5c41e) Importer(815301076,1909f56bfc062723c751e8b465ee728b)
Start importing Assets/state_images/Ohio.png using Guid(2e766969816b7f945a460c9893e5c41e) Importer(815301076,1909f56bfc062723c751e8b465ee728b)  -> (artifact id: 'c97b12133c3705cc2ceb15e028b076f4') in 0.070374 seconds 
  Import took 0.081306 seconds .

========================================================================
Received Import Request.
  Time since last request: 0.000716 seconds.
  path: Assets/state_images/Texas.png
  artifactKey: Guid(8a416dabcd3d224458f3234884fd659c) Importer(815301076,1909f56bfc062723c751e8b465ee728b)
Start importing Assets/state_images/Texas.png using Guid(8a416dabcd3d224458f3234884fd659c) Importer(815301076,1909f56bfc062723c751e8b465ee728b)  -> (artifact id: 'c21aab2997f40eb828ce3bf83f2fbdac') in 0.069023 seconds 
  Import took 0.079846 seconds .

========================================================================
Received Import Request.
  Time since last request: 0.000738 seconds.
  path: Assets/state_images/Michigan.png
  artifactKey: Guid(369f93550b5442c44a2e874724756ba5) Importer(815301076,1909f56bfc062723c751e8b465ee728b)
Start importing Assets/state_images/Michigan.png using Guid(369f93550b5442c44a2e874724756ba5) Importer(815301076,1909f56bfc062723c751e8b465ee728b)  -> (artifact id: '6827a6ff7e1d54d9fe41eaed82472e9d') in 0.098763 seconds 
  Import took 0.112181 seconds .

========================================================================
Received Import Request.
  Time since last request: 1.527245 seconds.
  path: Assets/Images/background.jpg
  artifactKey: Guid(082153e1fb7bb2445aee43b26b6721bb) Importer(815301076,1909f56bfc062723c751e8b465ee728b)
Start importing Assets/Images/background.jpg using Guid(082153e1fb7bb2445aee43b26b6721bb) Importer(815301076,1909f56bfc062723c751e8b465ee728b)  -> (artifact id: '2de47c5ec0ed7686922715a2ef08dbdd') in 0.084368 seconds 
  Import took 0.096658 seconds .

========================================================================
Received Import Request.
  Time since last request: 24.114141 seconds.
  path: Assets/state_images
  artifactKey: Guid(13f380742cc1a3942bc2e87ff5ca637d) Importer(815301076,1909f56bfc062723c751e8b465ee728b)
Start importing Assets/state_images using Guid(13f380742cc1a3942bc2e87ff5ca637d) Importer(815301076,1909f56bfc062723c751e8b465ee728b)  -> (artifact id: '2c632faeb3b548439f71fc2e3e0dd2a3') in 0.032564 seconds 
  Import took 0.049115 seconds .

========================================================================
Received Import Request.
  Time since last request: 17.235926 seconds.
  path: Assets/state_images/Square.png
  artifactKey: Guid(9415cc5a47d569e4eb26d65d96707f91) Importer(815301076,1909f56bfc062723c751e8b465ee728b)
Start importing Assets/state_images/Square.png using Guid(9415cc5a47d569e4eb26d65d96707f91) Importer(815301076,1909f56bfc062723c751e8b465ee728b)  -> (artifact id: '15d4874b143d93b8b82c40f5719cb674') in 0.038594 seconds 
  Import took 0.047258 seconds .

========================================================================
Received Import Request.
  Time since last request: 1128.948750 seconds.
  path: Assets/state_images/State Game Over.png
  artifactKey: Guid(629545770cdb77f49812f44fc90c374b) Importer(815301076,1909f56bfc062723c751e8b465ee728b)
Start importing Assets/state_images/State Game Over.png using Guid(629545770cdb77f49812f44fc90c374b) Importer(815301076,1909f56bfc062723c751e8b465ee728b)  -> (artifact id: 'da00880feb79a0c2915535dd1de17470') in 0.116354 seconds 
  Import took 0.147398 seconds .

========================================================================
Received Import Request.
  Time since last request: 322.667477 seconds.
  path: Assets/state_images/State_Game_Fin.png
  artifactKey: Guid(3b2c72869d0bc5f428caec6086143bc1) Importer(815301076,1909f56bfc062723c751e8b465ee728b)
Start importing Assets/state_images/State_Game_Fin.png using Guid(3b2c72869d0bc5f428caec6086143bc1) Importer(815301076,1909f56bfc062723c751e8b465ee728b)  -> (artifact id: '9f4ea32ba4f9e4a745ea09b3449ad210') in 0.073502 seconds 
  Import took 0.084661 seconds .

========================================================================
Received Prepare
Registering precompiled user dll's ...
Registered in 0.032348 seconds.
Begin MonoManager ReloadAssembly
Native extension for WindowsStandalone target not found
Native extension for WebGL target not found
Refreshing native plugins compatible for Editor in 3.82 ms, found 3 plugins.
Preloading 0 native plugins for Editor in 0.00 ms.
Mono: successfully reloaded assembly
- Completed reload, in  5.321 seconds
Domain Reload Profiling:
	ReloadAssembly (5340ms)
		BeginReloadAssembly (1011ms)
			ExecutionOrderSort (0ms)
			DisableScriptedObjects (102ms)
			BackupInstance (0ms)
			ReleaseScriptingObjects (0ms)
			CreateAndSetChildDomain (569ms)
		EndReloadAssembly (4039ms)
			LoadAssemblies (422ms)
			RebuildTransferFunctionScriptingTraits (0ms)
			SetupTypeCache (1150ms)
			ReleaseScriptCaches (5ms)
			RebuildScriptCaches (309ms)
			SetupLoadedEditorAssemblies (1323ms)
				LogAssemblyErrors (0ms)
				InitializePlatformSupportModulesInManaged (39ms)
				SetLoadedEditorAssemblies (5ms)
				RefreshPlugins (4ms)
				BeforeProcessingInitializeOnLoad (293ms)
				ProcessInitializeOnLoadAttributes (911ms)
				ProcessInitializeOnLoadMethodAttributes (51ms)
				AfterProcessingInitializeOnLoad (19ms)
				EditorAssembliesLoaded (0ms)
			ExecutionOrderSort2 (0ms)
			AwakeInstancesAfterBackupRestoration (27ms)
Platform modules already initialized, skipping
Refreshing native plugins compatible for Editor in 1.96 ms, found 3 plugins.
Preloading 0 native plugins for Editor in 0.00 ms.
Unloading 2226 Unused Serialized files (Serialized files now loaded: 0)
System memory in use before: 100.5 MB.
System memory in use after: 100.8 MB.

Unloading 17 unused Assets to reduce memory usage. Loaded Objects now: 2720.
Total: 11.687400 ms (FindLiveObjects: 0.456700 ms CreateObjectMapping: 0.423500 ms MarkObjects: 10.570500 ms  DeleteObjects: 0.228200 ms)

AssetImportParameters requested are different than current active one (requested -> active):
  custom:framework-win-MediaFoundation: 216162199b28c13a410421893ffa2e32 -> 
  custom:video-decoder-ogg-theora: a1e56fd34408186e4bbccfd4996cb3dc -> 
  custom:container-muxer-webm: aa71ff27fc2769a1b78a27578f13a17b -> 
  custom:container-demuxer-webm: 4f35f7cbe854078d1ac9338744f61a02 -> 
  custom:container-demuxer-ogg: 62fdf1f143b41e24485cea50d1cbac27 -> 
  custom:video-encoder-webm-vp8: eb34c28f22e8b96e1ab97ce403110664 -> 
  custom:video-codec-MediaFoundation-h265: 746d11721c4dcdbdad8f713fa42b33f4 -> 
  custom:video-decoder-webm-vp8: 9c59270c3fd7afecdb556c50c9e8de78 -> 
  custom:audio-decoder-ogg-vorbis: bf7c407c2cedff20999df2af8eb42d56 -> 
  custom:audio-encoder-webm-vorbis: bf7c407c2cedff20999df2af8eb42d56 -> 
========================================================================
Received Import Request.
  Time since last request: 295.157972 seconds.
  path: Assets/TileMaps/Temp-Grass.png
  artifactKey: Guid(955fb32cd8325494790b31b08690f018) Importer(815301076,1909f56bfc062723c751e8b465ee728b)
Start importing Assets/TileMaps/Temp-Grass.png using Guid(955fb32cd8325494790b31b08690f018) Importer(815301076,1909f56bfc062723c751e8b465ee728b)  -> (artifact id: '05c62a3b95781762c9fdbf47cdc206ba') in 0.249153 seconds 
  Import took 0.264464 seconds .

========================================================================
Received Prepare
Registering precompiled user dll's ...
Registered in 0.018094 seconds.
Begin MonoManager ReloadAssembly
Native extension for WindowsStandalone target not found
Native extension for WebGL target not found
Refreshing native plugins compatible for Editor in 2.02 ms, found 3 plugins.
Preloading 0 native plugins for Editor in 0.00 ms.
Mono: successfully reloaded assembly
- Completed reload, in  3.342 seconds
Domain Reload Profiling:
	ReloadAssembly (3343ms)
		BeginReloadAssembly (220ms)
			ExecutionOrderSort (0ms)
			DisableScriptedObjects (14ms)
			BackupInstance (0ms)
			ReleaseScriptingObjects (0ms)
			CreateAndSetChildDomain (67ms)
		EndReloadAssembly (2900ms)
			LoadAssemblies (248ms)
			RebuildTransferFunctionScriptingTraits (0ms)
			SetupTypeCache (1016ms)
			ReleaseScriptCaches (4ms)
			RebuildScriptCaches (176ms)
			SetupLoadedEditorAssemblies (1087ms)
				LogAssemblyErrors (0ms)
				InitializePlatformSupportModulesInManaged (27ms)
				SetLoadedEditorAssemblies (2ms)
				RefreshPlugins (2ms)
				BeforeProcessingInitializeOnLoad (226ms)
				ProcessInitializeOnLoadAttributes (773ms)
				ProcessInitializeOnLoadMethodAttributes (38ms)
				AfterProcessingInitializeOnLoad (20ms)
				EditorAssembliesLoaded (0ms)
			ExecutionOrderSort2 (0ms)
			AwakeInstancesAfterBackupRestoration (33ms)
Platform modules already initialized, skipping
Refreshing native plugins compatible for Editor in 2.39 ms, found 3 plugins.
Preloading 0 native plugins for Editor in 0.00 ms.
Unloading 2226 Unused Serialized files (Serialized files now loaded: 0)
System memory in use before: 100.6 MB.
System memory in use after: 100.8 MB.

Unloading 17 unused Assets to reduce memory usage. Loaded Objects now: 2726.
Total: 19.371300 ms (FindLiveObjects: 0.940700 ms CreateObjectMapping: 0.437600 ms MarkObjects: 17.918600 ms  DeleteObjects: 0.070000 ms)

AssetImportParameters requested are different than current active one (requested -> active):
  custom:framework-win-MediaFoundation: 216162199b28c13a410421893ffa2e32 -> 
  custom:video-decoder-ogg-theora: a1e56fd34408186e4bbccfd4996cb3dc -> 
  custom:container-muxer-webm: aa71ff27fc2769a1b78a27578f13a17b -> 
  custom:container-demuxer-webm: 4f35f7cbe854078d1ac9338744f61a02 -> 
  custom:container-demuxer-ogg: 62fdf1f143b41e24485cea50d1cbac27 -> 
  custom:video-encoder-webm-vp8: eb34c28f22e8b96e1ab97ce403110664 -> 
  custom:video-codec-MediaFoundation-h265: 746d11721c4dcdbdad8f713fa42b33f4 -> 
  custom:video-decoder-webm-vp8: 9c59270c3fd7afecdb556c50c9e8de78 -> 
  custom:audio-decoder-ogg-vorbis: bf7c407c2cedff20999df2af8eb42d56 -> 
  custom:audio-encoder-webm-vorbis: bf7c407c2cedff20999df2af8eb42d56 -> 
========================================================================
Received Prepare
Registering precompiled user dll's ...
Registered in 0.018604 seconds.
Begin MonoManager ReloadAssembly
Native extension for WindowsStandalone target not found
Native extension for WebGL target not found
Refreshing native plugins compatible for Editor in 1.65 ms, found 3 plugins.
Preloading 0 native plugins for Editor in 0.00 ms.
Mono: successfully reloaded assembly
- Completed reload, in  4.874 seconds
Domain Reload Profiling:
	ReloadAssembly (4876ms)
		BeginReloadAssembly (664ms)
			ExecutionOrderSort (0ms)
			DisableScriptedObjects (45ms)
			BackupInstance (0ms)
			ReleaseScriptingObjects (0ms)
			CreateAndSetChildDomain (187ms)
		EndReloadAssembly (3849ms)
			LoadAssemblies (501ms)
			RebuildTransferFunctionScriptingTraits (0ms)
			SetupTypeCache (1596ms)
			ReleaseScriptCaches (2ms)
			RebuildScriptCaches (206ms)
			SetupLoadedEditorAssemblies (1211ms)
				LogAssemblyErrors (0ms)
				InitializePlatformSupportModulesInManaged (27ms)
				SetLoadedEditorAssemblies (2ms)
				RefreshPlugins (2ms)
				BeforeProcessingInitializeOnLoad (286ms)
				ProcessInitializeOnLoadAttributes (832ms)
				ProcessInitializeOnLoadMethodAttributes (30ms)
				AfterProcessingInitializeOnLoad (31ms)
				EditorAssembliesLoaded (1ms)
			ExecutionOrderSort2 (0ms)
			AwakeInstancesAfterBackupRestoration (34ms)
Platform modules already initialized, skipping
Refreshing native plugins compatible for Editor in 2.45 ms, found 3 plugins.
Preloading 0 native plugins for Editor in 0.00 ms.
Unloading 2226 Unused Serialized files (Serialized files now loaded: 0)
System memory in use before: 100.6 MB.
System memory in use after: 100.8 MB.

Unloading 17 unused Assets to reduce memory usage. Loaded Objects now: 2728.
Total: 13.707400 ms (FindLiveObjects: 0.547700 ms CreateObjectMapping: 0.282000 ms MarkObjects: 12.797100 ms  DeleteObjects: 0.077000 ms)

AssetImportParameters requested are different than current active one (requested -> active):
  custom:framework-win-MediaFoundation: 216162199b28c13a410421893ffa2e32 -> 
  custom:video-decoder-ogg-theora: a1e56fd34408186e4bbccfd4996cb3dc -> 
  custom:container-muxer-webm: aa71ff27fc2769a1b78a27578f13a17b -> 
  custom:container-demuxer-webm: 4f35f7cbe854078d1ac9338744f61a02 -> 
  custom:container-demuxer-ogg: 62fdf1f143b41e24485cea50d1cbac27 -> 
  custom:video-encoder-webm-vp8: eb34c28f22e8b96e1ab97ce403110664 -> 
  custom:video-codec-MediaFoundation-h265: 746d11721c4dcdbdad8f713fa42b33f4 -> 
  custom:video-decoder-webm-vp8: 9c59270c3fd7afecdb556c50c9e8de78 -> 
  custom:audio-decoder-ogg-vorbis: bf7c407c2cedff20999df2af8eb42d56 -> 
  custom:audio-encoder-webm-vorbis: bf7c407c2cedff20999df2af8eb42d56 -> 
========================================================================
Received Prepare
Registering precompiled user dll's ...
Registered in 0.016957 seconds.
Begin MonoManager ReloadAssembly
Native extension for WindowsStandalone target not found
Native extension for WebGL target not found
Refreshing native plugins compatible for Editor in 2.59 ms, found 3 plugins.
Preloading 0 native plugins for Editor in 0.00 ms.
Mono: successfully reloaded assembly
- Completed reload, in  5.178 seconds
Domain Reload Profiling:
	ReloadAssembly (5179ms)
		BeginReloadAssembly (344ms)
			ExecutionOrderSort (0ms)
			DisableScriptedObjects (17ms)
			BackupInstance (0ms)
			ReleaseScriptingObjects (0ms)
			CreateAndSetChildDomain (100ms)
		EndReloadAssembly (4521ms)
			LoadAssemblies (428ms)
			RebuildTransferFunctionScriptingTraits (0ms)
			SetupTypeCache (1742ms)
			ReleaseScriptCaches (5ms)
			RebuildScriptCaches (247ms)
			SetupLoadedEditorAssemblies (1456ms)
				LogAssemblyErrors (0ms)
				InitializePlatformSupportModulesInManaged (33ms)
				SetLoadedEditorAssemblies (3ms)
				RefreshPlugins (3ms)
				BeforeProcessingInitializeOnLoad (362ms)
				ProcessInitializeOnLoadAttributes (967ms)
				ProcessInitializeOnLoadMethodAttributes (52ms)
				AfterProcessingInitializeOnLoad (36ms)
				EditorAssembliesLoaded (1ms)
			ExecutionOrderSort2 (0ms)
			AwakeInstancesAfterBackupRestoration (51ms)
Platform modules already initialized, skipping
Refreshing native plugins compatible for Editor in 1.58 ms, found 3 plugins.
Preloading 0 native plugins for Editor in 0.00 ms.
Unloading 2226 Unused Serialized files (Serialized files now loaded: 0)
System memory in use before: 100.6 MB.
System memory in use after: 100.8 MB.

Unloading 17 unused Assets to reduce memory usage. Loaded Objects now: 2730.
Total: 8.871800 ms (FindLiveObjects: 0.742700 ms CreateObjectMapping: 0.323700 ms MarkObjects: 7.710200 ms  DeleteObjects: 0.093100 ms)

AssetImportParameters requested are different than current active one (requested -> active):
  custom:framework-win-MediaFoundation: 216162199b28c13a410421893ffa2e32 -> 
  custom:video-decoder-ogg-theora: a1e56fd34408186e4bbccfd4996cb3dc -> 
  custom:container-muxer-webm: aa71ff27fc2769a1b78a27578f13a17b -> 
  custom:container-demuxer-webm: 4f35f7cbe854078d1ac9338744f61a02 -> 
  custom:container-demuxer-ogg: 62fdf1f143b41e24485cea50d1cbac27 -> 
  custom:video-encoder-webm-vp8: eb34c28f22e8b96e1ab97ce403110664 -> 
  custom:video-codec-MediaFoundation-h265: 746d11721c4dcdbdad8f713fa42b33f4 -> 
  custom:video-decoder-webm-vp8: 9c59270c3fd7afecdb556c50c9e8de78 -> 
  custom:audio-decoder-ogg-vorbis: bf7c407c2cedff20999df2af8eb42d56 -> 
  custom:audio-encoder-webm-vorbis: bf7c407c2cedff20999df2af8eb42d56 -> 
========================================================================
Received Prepare
Registering precompiled user dll's ...
Registered in 0.035835 seconds.
Begin MonoManager ReloadAssembly
Native extension for WindowsStandalone target not found
Native extension for WebGL target not found
Refreshing native plugins compatible for Editor in 2.06 ms, found 3 plugins.
Preloading 0 native plugins for Editor in 0.00 ms.
Mono: successfully reloaded assembly
- Completed reload, in  3.906 seconds
Domain Reload Profiling:
	ReloadAssembly (3907ms)
		BeginReloadAssembly (430ms)
			ExecutionOrderSort (0ms)
			DisableScriptedObjects (20ms)
			BackupInstance (0ms)
			ReleaseScriptingObjects (0ms)
			CreateAndSetChildDomain (137ms)
		EndReloadAssembly (3201ms)
			LoadAssemblies (394ms)
			RebuildTransferFunctionScriptingTraits (0ms)
			SetupTypeCache (1068ms)
			ReleaseScriptCaches (2ms)
			RebuildScriptCaches (142ms)
			SetupLoadedEditorAssemblies (1172ms)
				LogAssemblyErrors (0ms)
				InitializePlatformSupportModulesInManaged (25ms)
				SetLoadedEditorAssemblies (2ms)
				RefreshPlugins (2ms)
				BeforeProcessingInitializeOnLoad (238ms)
				ProcessInitializeOnLoadAttributes (822ms)
				ProcessInitializeOnLoadMethodAttributes (52ms)
				AfterProcessingInitializeOnLoad (30ms)
				EditorAssembliesLoaded (1ms)
			ExecutionOrderSort2 (0ms)
			AwakeInstancesAfterBackupRestoration (43ms)
Platform modules already initialized, skipping
Refreshing native plugins compatible for Editor in 1.63 ms, found 3 plugins.
Preloading 0 native plugins for Editor in 0.00 ms.
Unloading 2226 Unused Serialized files (Serialized files now loaded: 0)
System memory in use before: 100.5 MB.
System memory in use after: 100.7 MB.

Unloading 17 unused Assets to reduce memory usage. Loaded Objects now: 2732.
Total: 10.975400 ms (FindLiveObjects: 0.666100 ms CreateObjectMapping: 0.314300 ms MarkObjects: 9.914800 ms  DeleteObjects: 0.075900 ms)

AssetImportParameters requested are different than current active one (requested -> active):
  custom:framework-win-MediaFoundation: 216162199b28c13a410421893ffa2e32 -> 
  custom:video-decoder-ogg-theora: a1e56fd34408186e4bbccfd4996cb3dc -> 
  custom:container-muxer-webm: aa71ff27fc2769a1b78a27578f13a17b -> 
  custom:container-demuxer-webm: 4f35f7cbe854078d1ac9338744f61a02 -> 
  custom:container-demuxer-ogg: 62fdf1f143b41e24485cea50d1cbac27 -> 
  custom:video-encoder-webm-vp8: eb34c28f22e8b96e1ab97ce403110664 -> 
  custom:video-codec-MediaFoundation-h265: 746d11721c4dcdbdad8f713fa42b33f4 -> 
  custom:video-decoder-webm-vp8: 9c59270c3fd7afecdb556c50c9e8de78 -> 
  custom:audio-decoder-ogg-vorbis: bf7c407c2cedff20999df2af8eb42d56 -> 
  custom:audio-encoder-webm-vorbis: bf7c407c2cedff20999df2af8eb42d56 -> 
========================================================================
Received Prepare
Registering precompiled user dll's ...
Registered in 0.030746 seconds.
Begin MonoManager ReloadAssembly
Native extension for WindowsStandalone target not found
Native extension for WebGL target not found
Refreshing native plugins compatible for Editor in 1.78 ms, found 3 plugins.
Preloading 0 native plugins for Editor in 0.00 ms.
Mono: successfully reloaded assembly
- Completed reload, in  4.703 seconds
Domain Reload Profiling:
	ReloadAssembly (4705ms)
		BeginReloadAssembly (460ms)
			ExecutionOrderSort (0ms)
			DisableScriptedObjects (36ms)
			BackupInstance (0ms)
			ReleaseScriptingObjects (0ms)
			CreateAndSetChildDomain (137ms)
		EndReloadAssembly (3895ms)
			LoadAssemblies (448ms)
			RebuildTransferFunctionScriptingTraits (0ms)
			SetupTypeCache (1387ms)
			ReleaseScriptCaches (2ms)
			RebuildScriptCaches (207ms)
			SetupLoadedEditorAssemblies (1339ms)
				LogAssemblyErrors (0ms)
				InitializePlatformSupportModulesInManaged (29ms)
				SetLoadedEditorAssemblies (2ms)
				RefreshPlugins (2ms)
				BeforeProcessingInitializeOnLoad (283ms)
				ProcessInitializeOnLoadAttributes (936ms)
				ProcessInitializeOnLoadMethodAttributes (53ms)
				AfterProcessingInitializeOnLoad (34ms)
				EditorAssembliesLoaded (1ms)
			ExecutionOrderSort2 (0ms)
			AwakeInstancesAfterBackupRestoration (47ms)
Platform modules already initialized, skipping
Refreshing native plugins compatible for Editor in 1.92 ms, found 3 plugins.
Preloading 0 native plugins for Editor in 0.00 ms.
Unloading 2226 Unused Serialized files (Serialized files now loaded: 0)
System memory in use before: 100.5 MB.
System memory in use after: 100.7 MB.

Unloading 17 unused Assets to reduce memory usage. Loaded Objects now: 2734.
Total: 10.670000 ms (FindLiveObjects: 0.820700 ms CreateObjectMapping: 0.450700 ms MarkObjects: 9.267700 ms  DeleteObjects: 0.125300 ms)

AssetImportParameters requested are different than current active one (requested -> active):
  custom:framework-win-MediaFoundation: 216162199b28c13a410421893ffa2e32 -> 
  custom:video-decoder-ogg-theora: a1e56fd34408186e4bbccfd4996cb3dc -> 
  custom:container-muxer-webm: aa71ff27fc2769a1b78a27578f13a17b -> 
  custom:container-demuxer-webm: 4f35f7cbe854078d1ac9338744f61a02 -> 
  custom:container-demuxer-ogg: 62fdf1f143b41e24485cea50d1cbac27 -> 
  custom:video-encoder-webm-vp8: eb34c28f22e8b96e1ab97ce403110664 -> 
  custom:video-codec-MediaFoundation-h265: 746d11721c4dcdbdad8f713fa42b33f4 -> 
  custom:video-decoder-webm-vp8: 9c59270c3fd7afecdb556c50c9e8de78 -> 
  custom:audio-decoder-ogg-vorbis: bf7c407c2cedff20999df2af8eb42d56 -> 
  custom:audio-encoder-webm-vorbis: bf7c407c2cedff20999df2af8eb42d56 -> 
========================================================================
Received Prepare
Registering precompiled user dll's ...
Registered in 0.008417 seconds.
Begin MonoManager ReloadAssembly
Native extension for WindowsStandalone target not found
Native extension for WebGL target not found
Refreshing native plugins compatible for Editor in 0.63 ms, found 3 plugins.
Preloading 0 native plugins for Editor in 0.00 ms.
Mono: successfully reloaded assembly
- Completed reload, in  1.169 seconds
Domain Reload Profiling:
	ReloadAssembly (1169ms)
		BeginReloadAssembly (126ms)
			ExecutionOrderSort (0ms)
			DisableScriptedObjects (8ms)
			BackupInstance (0ms)
			ReleaseScriptingObjects (0ms)
			CreateAndSetChildDomain (38ms)
		EndReloadAssembly (972ms)
			LoadAssemblies (107ms)
			RebuildTransferFunctionScriptingTraits (0ms)
			SetupTypeCache (328ms)
			ReleaseScriptCaches (1ms)
			RebuildScriptCaches (50ms)
			SetupLoadedEditorAssemblies (347ms)
				LogAssemblyErrors (0ms)
				InitializePlatformSupportModulesInManaged (7ms)
				SetLoadedEditorAssemblies (1ms)
				RefreshPlugins (1ms)
				BeforeProcessingInitializeOnLoad (76ms)
				ProcessInitializeOnLoadAttributes (242ms)
				ProcessInitializeOnLoadMethodAttributes (13ms)
				AfterProcessingInitializeOnLoad (8ms)
				EditorAssembliesLoaded (0ms)
			ExecutionOrderSort2 (0ms)
			AwakeInstancesAfterBackupRestoration (11ms)
Platform modules already initialized, skipping
Refreshing native plugins compatible for Editor in 0.54 ms, found 3 plugins.
Preloading 0 native plugins for Editor in 0.00 ms.
Unloading 2226 Unused Serialized files (Serialized files now loaded: 0)
System memory in use before: 100.7 MB.
System memory in use after: 100.9 MB.

Unloading 17 unused Assets to reduce memory usage. Loaded Objects now: 2736.
Total: 4.015700 ms (FindLiveObjects: 0.242500 ms CreateObjectMapping: 0.084200 ms MarkObjects: 3.666200 ms  DeleteObjects: 0.021800 ms)

AssetImportParameters requested are different than current active one (requested -> active):
  custom:framework-win-MediaFoundation: 216162199b28c13a410421893ffa2e32 -> 
  custom:video-decoder-ogg-theora: a1e56fd34408186e4bbccfd4996cb3dc -> 
  custom:container-muxer-webm: aa71ff27fc2769a1b78a27578f13a17b -> 
  custom:container-demuxer-webm: 4f35f7cbe854078d1ac9338744f61a02 -> 
  custom:container-demuxer-ogg: 62fdf1f143b41e24485cea50d1cbac27 -> 
  custom:video-encoder-webm-vp8: eb34c28f22e8b96e1ab97ce403110664 -> 
  custom:video-codec-MediaFoundation-h265: 746d11721c4dcdbdad8f713fa42b33f4 -> 
  custom:video-decoder-webm-vp8: 9c59270c3fd7afecdb556c50c9e8de78 -> 
  custom:audio-decoder-ogg-vorbis: bf7c407c2cedff20999df2af8eb42d56 -> 
  custom:audio-encoder-webm-vorbis: bf7c407c2cedff20999df2af8eb42d56 -> 
